2025-04-21 22:13:53.303 [main] INFO  com.example.tlias.TliasApplication-Starting TliasApplication using Java 21 with PID 5488 (E:\Java\Exercise\Tlias System\Tlias\target\classes started by shiqing in E:\Java\Exercise\Tlias System\Tlias)
2025-04-21 22:13:53.305 [main] INFO  com.example.tlias.TliasApplication-No active profile set, falling back to 1 default profile: "default"
2025-04-21 22:13:54.231 [main] INFO  o.s.boot.web.embedded.tomcat.TomcatWebServer-Tomcat initialized with port 8080 (http)
2025-04-21 22:13:54.245 [main] INFO  org.apache.coyote.http11.Http11NioProtocol-Initializing ProtocolHandler ["http-nio-8080"]
2025-04-21 22:13:54.247 [main] INFO  org.apache.catalina.core.StandardService-Starting service [Tomcat]
2025-04-21 22:13:54.247 [main] INFO  org.apache.catalina.core.StandardEngine-Starting Servlet engine: [Apache Tomcat/10.1.36]
2025-04-21 22:13:54.293 [main] INFO  o.a.c.core.ContainerBase.[Tomcat].[localhost].[/]-Initializing Spring embedded WebApplicationContext
2025-04-21 22:13:54.293 [main] INFO  o.s.b.w.s.c.ServletWebServerApplicationContext-Root WebApplicationContext: initialization completed in 947 ms
2025-04-21 22:13:54.964 [main] INFO  org.apache.coyote.http11.Http11NioProtocol-Starting ProtocolHandler ["http-nio-8080"]
2025-04-21 22:13:54.979 [main] INFO  o.s.boot.web.embedded.tomcat.TomcatWebServer-Tomcat started on port 8080 (http) with context path '/'
2025-04-21 22:13:54.983 [main] INFO  com.example.tlias.TliasApplication-Started TliasApplication in 2.12 seconds (process running for 3.269)
2025-04-21 22:14:12.743 [http-nio-8080-exec-2] INFO  o.a.c.core.ContainerBase.[Tomcat].[localhost].[/]-Initializing Spring DispatcherServlet 'dispatcherServlet'
2025-04-21 22:14:12.743 [http-nio-8080-exec-2] INFO  org.springframework.web.servlet.DispatcherServlet-Initializing Servlet 'dispatcherServlet'
2025-04-21 22:14:12.744 [http-nio-8080-exec-2] INFO  org.springframework.web.servlet.DispatcherServlet-Completed initialization in 1 ms
2025-04-21 22:14:12.810 [http-nio-8080-exec-1] INFO  com.example.tlias.interceptor.TokenInterceptor-令牌错误，响应401
2025-04-21 22:14:12.810 [http-nio-8080-exec-2] INFO  com.example.tlias.interceptor.TokenInterceptor-令牌错误，响应401
2025-04-21 22:14:20.513 [http-nio-8080-exec-3] INFO  com.example.tlias.controller.LoginController-用户登录：Emp(id=null, username=wusong, password=123456, name=null, gender=null, phone=null, job=null, salary=null, image=null, entryDate=null, deptId=null, createTime=null, updateTime=null, deptName=null, exprList=null)
2025-04-21 22:14:20.585 [http-nio-8080-exec-3] INFO  com.zaxxer.hikari.HikariDataSource-HikariPool-1 - Starting...
2025-04-21 22:14:21.310 [http-nio-8080-exec-3] INFO  com.zaxxer.hikari.pool.HikariPool-HikariPool-1 - Added connection com.mysql.cj.jdbc.ConnectionImpl@5393b962
2025-04-21 22:14:21.318 [http-nio-8080-exec-3] INFO  com.zaxxer.hikari.HikariDataSource-HikariPool-1 - Start completed.
2025-04-21 22:14:21.487 [http-nio-8080-exec-3] INFO  com.example.tlias.service.impl.EmpServiceImpl-用户登录成功，用户信息为：Emp(id=9, username=wusong, password=null, name=武松, gender=null, phone=null, job=null, salary=null, image=null, entryDate=null, deptId=null, createTime=null, updateTime=null, deptName=null, exprList=null)
2025-04-21 22:14:33.700 [http-nio-8080-exec-8] INFO  com.example.tlias.controller.ClazzController-分页查询：ClazzQueryParam(page=1, pageSize=10, name=, beginDate=null, endDate=null, masterId=null, status=null)
2025-04-21 22:14:33.698 [http-nio-8080-exec-5] ERROR c.example.tlias.exception.GlobalExceptionHandler-程序出错啦~
org.springframework.web.method.annotation.MethodArgumentTypeMismatchException: Method parameter 'id': Failed to convert value of type 'java.lang.String' to required type 'java.lang.Integer'; For input string: "list"
	at org.springframework.web.method.annotation.AbstractNamedValueMethodArgumentResolver.convertIfNecessary(AbstractNamedValueMethodArgumentResolver.java:301)
	at org.springframework.web.method.annotation.AbstractNamedValueMethodArgumentResolver.resolveArgument(AbstractNamedValueMethodArgumentResolver.java:136)
	at org.springframework.web.method.support.HandlerMethodArgumentResolverComposite.resolveArgument(HandlerMethodArgumentResolverComposite.java:122)
	at org.springframework.web.method.support.InvocableHandlerMethod.getMethodArgumentValues(InvocableHandlerMethod.java:226)
	at org.springframework.web.method.support.InvocableHandlerMethod.invokeForRequest(InvocableHandlerMethod.java:180)
	at org.springframework.web.servlet.mvc.method.annotation.ServletInvocableHandlerMethod.invokeAndHandle(ServletInvocableHandlerMethod.java:118)
	at org.springframework.web.servlet.mvc.method.annotation.RequestMappingHandlerAdapter.invokeHandlerMethod(RequestMappingHandlerAdapter.java:986)
	at org.springframework.web.servlet.mvc.method.annotation.RequestMappingHandlerAdapter.handleInternal(RequestMappingHandlerAdapter.java:891)
	at org.springframework.web.servlet.mvc.method.AbstractHandlerMethodAdapter.handle(AbstractHandlerMethodAdapter.java:87)
	at org.springframework.web.servlet.DispatcherServlet.doDispatch(DispatcherServlet.java:1088)
	at org.springframework.web.servlet.DispatcherServlet.doService(DispatcherServlet.java:978)
	at org.springframework.web.servlet.FrameworkServlet.processRequest(FrameworkServlet.java:1014)
	at org.springframework.web.servlet.FrameworkServlet.doGet(FrameworkServlet.java:903)
	at jakarta.servlet.http.HttpServlet.service(HttpServlet.java:564)
	at org.springframework.web.servlet.FrameworkServlet.service(FrameworkServlet.java:885)
	at jakarta.servlet.http.HttpServlet.service(HttpServlet.java:658)
	at org.apache.catalina.core.ApplicationFilterChain.internalDoFilter(ApplicationFilterChain.java:195)
	at org.apache.catalina.core.ApplicationFilterChain.doFilter(ApplicationFilterChain.java:140)
	at org.apache.tomcat.websocket.server.WsFilter.doFilter(WsFilter.java:51)
	at org.apache.catalina.core.ApplicationFilterChain.internalDoFilter(ApplicationFilterChain.java:164)
	at org.apache.catalina.core.ApplicationFilterChain.doFilter(ApplicationFilterChain.java:140)
	at org.springframework.web.filter.RequestContextFilter.doFilterInternal(RequestContextFilter.java:100)
	at org.springframework.web.filter.OncePerRequestFilter.doFilter(OncePerRequestFilter.java:116)
	at org.apache.catalina.core.ApplicationFilterChain.internalDoFilter(ApplicationFilterChain.java:164)
	at org.apache.catalina.core.ApplicationFilterChain.doFilter(ApplicationFilterChain.java:140)
	at org.springframework.web.filter.FormContentFilter.doFilterInternal(FormContentFilter.java:93)
	at org.springframework.web.filter.OncePerRequestFilter.doFilter(OncePerRequestFilter.java:116)
	at org.apache.catalina.core.ApplicationFilterChain.internalDoFilter(ApplicationFilterChain.java:164)
	at org.apache.catalina.core.ApplicationFilterChain.doFilter(ApplicationFilterChain.java:140)
	at org.springframework.web.filter.CharacterEncodingFilter.doFilterInternal(CharacterEncodingFilter.java:201)
	at org.springframework.web.filter.OncePerRequestFilter.doFilter(OncePerRequestFilter.java:116)
	at org.apache.catalina.core.ApplicationFilterChain.internalDoFilter(ApplicationFilterChain.java:164)
	at org.apache.catalina.core.ApplicationFilterChain.doFilter(ApplicationFilterChain.java:140)
	at org.apache.catalina.core.StandardWrapperValve.invoke(StandardWrapperValve.java:167)
	at org.apache.catalina.core.StandardContextValve.invoke(StandardContextValve.java:90)
	at org.apache.catalina.authenticator.AuthenticatorBase.invoke(AuthenticatorBase.java:483)
	at org.apache.catalina.core.StandardHostValve.invoke(StandardHostValve.java:115)
	at org.apache.catalina.valves.ErrorReportValve.invoke(ErrorReportValve.java:93)
	at org.apache.catalina.core.StandardEngineValve.invoke(StandardEngineValve.java:74)
	at org.apache.catalina.connector.CoyoteAdapter.service(CoyoteAdapter.java:344)
	at org.apache.coyote.http11.Http11Processor.service(Http11Processor.java:397)
	at org.apache.coyote.AbstractProcessorLight.process(AbstractProcessorLight.java:63)
	at org.apache.coyote.AbstractProtocol$ConnectionHandler.process(AbstractProtocol.java:905)
	at org.apache.tomcat.util.net.NioEndpoint$SocketProcessor.doRun(NioEndpoint.java:1743)
	at org.apache.tomcat.util.net.SocketProcessorBase.run(SocketProcessorBase.java:52)
	at org.apache.tomcat.util.threads.ThreadPoolExecutor.runWorker(ThreadPoolExecutor.java:1190)
	at org.apache.tomcat.util.threads.ThreadPoolExecutor$Worker.run(ThreadPoolExecutor.java:659)
	at org.apache.tomcat.util.threads.TaskThread$WrappingRunnable.run(TaskThread.java:63)
	at java.base/java.lang.Thread.run(Thread.java:1583)
Caused by: java.lang.NumberFormatException: For input string: "list"
	at java.base/java.lang.NumberFormatException.forInputString(NumberFormatException.java:67)
	at java.base/java.lang.Integer.parseInt(Integer.java:661)
	at java.base/java.lang.Integer.valueOf(Integer.java:988)
	at org.springframework.util.NumberUtils.parseNumber(NumberUtils.java:201)
	at org.springframework.beans.propertyeditors.CustomNumberEditor.setAsText(CustomNumberEditor.java:115)
	at org.springframework.beans.TypeConverterDelegate.doConvertTextValue(TypeConverterDelegate.java:439)
	at org.springframework.beans.TypeConverterDelegate.doConvertValue(TypeConverterDelegate.java:412)
	at org.springframework.beans.TypeConverterDelegate.convertIfNecessary(TypeConverterDelegate.java:161)
	at org.springframework.beans.TypeConverterSupport.convertIfNecessary(TypeConverterSupport.java:80)
	at org.springframework.beans.TypeConverterSupport.convertIfNecessary(TypeConverterSupport.java:53)
	at org.springframework.validation.DataBinder.convertIfNecessary(DataBinder.java:870)
	at org.springframework.web.method.annotation.AbstractNamedValueMethodArgumentResolver.convertIfNecessary(AbstractNamedValueMethodArgumentResolver.java:293)
	... 48 common frames omitted
2025-04-21 22:14:39.132 [http-nio-8080-exec-6] INFO  com.example.tlias.controller.ClazzController-查询所有班级班级
2025-04-21 22:14:39.137 [http-nio-8080-exec-4] INFO  com.example.tlias.controller.StudentController-分页查询，参数：StudentQueryParam(page=1, pageSize=10, name=, degree=null, clazzId=null)
2025-04-21 22:14:43.834 [http-nio-8080-exec-7] INFO  com.example.tlias.controller.DeptController-查询全部部门数据
2025-04-21 22:14:48.404 [http-nio-8080-exec-10] INFO  com.example.tlias.controller.DeptController-查询全部部门数据
2025-04-21 22:14:48.416 [http-nio-8080-exec-9] INFO  com.example.tlias.controller.EmpController-分页查询：EmpQueryParam(page=1, pageSize=10, name=, gender=null, begin=null, end=null)
2025-04-21 22:14:53.049 [http-nio-8080-exec-1] INFO  com.example.tlias.controller.ReportController-统计员工性别人数
2025-04-21 22:14:53.049 [http-nio-8080-exec-2] INFO  com.example.tlias.controller.ReportController-统计员工职位人数
2025-04-21 22:14:57.458 [http-nio-8080-exec-3] INFO  com.example.tlias.controller.ReportController-统计学员学历
2025-04-21 22:14:57.458 [http-nio-8080-exec-5] INFO  com.example.tlias.controller.ReportController-统计班级人数
2025-04-21 22:42:04.586 [SpringApplicationShutdownHook] INFO  o.s.boot.web.embedded.tomcat.GracefulShutdown-Commencing graceful shutdown. Waiting for active requests to complete
2025-04-21 22:42:04.593 [tomcat-shutdown] INFO  o.s.boot.web.embedded.tomcat.GracefulShutdown-Graceful shutdown complete
2025-04-21 22:42:04.602 [SpringApplicationShutdownHook] INFO  com.zaxxer.hikari.HikariDataSource-HikariPool-1 - Shutdown initiated...
2025-04-21 22:42:04.630 [SpringApplicationShutdownHook] INFO  com.zaxxer.hikari.HikariDataSource-HikariPool-1 - Shutdown completed.
