2025-03-16 15:30:17.656 [main] INFO  com.example.tlias.TliasApplication-Starting TliasApplication using Java 21 with PID 37008 (E:\Java\Exercise\Tlias System\Tlias\target\classes started by shiqing in E:\Java\Exercise\Tlias System\Tlias)
2025-03-16 15:30:17.657 [main] INFO  com.example.tlias.TliasApplication-No active profile set, falling back to 1 default profile: "default"
2025-03-16 15:30:18.505 [main] INFO  o.s.boot.web.embedded.tomcat.TomcatWebServer-Tomcat initialized with port 8080 (http)
2025-03-16 15:30:18.515 [main] INFO  org.apache.coyote.http11.Http11NioProtocol-Initializing ProtocolHandler ["http-nio-8080"]
2025-03-16 15:30:18.517 [main] INFO  org.apache.catalina.core.StandardService-Starting service [Tomcat]
2025-03-16 15:30:18.518 [main] INFO  org.apache.catalina.core.StandardEngine-Starting Servlet engine: [Apache Tomcat/10.1.36]
2025-03-16 15:30:18.558 [main] INFO  o.a.c.core.ContainerBase.[Tomcat].[localhost].[/]-Initializing Spring embedded WebApplicationContext
2025-03-16 15:30:18.558 [main] INFO  o.s.b.w.s.c.ServletWebServerApplicationContext-Root WebApplicationContext: initialization completed in 866 ms
2025-03-16 15:30:19.044 [main] INFO  org.apache.coyote.http11.Http11NioProtocol-Starting ProtocolHandler ["http-nio-8080"]
2025-03-16 15:30:19.059 [main] INFO  o.s.boot.web.embedded.tomcat.TomcatWebServer-Tomcat started on port 8080 (http) with context path '/'
2025-03-16 15:30:19.065 [main] INFO  com.example.tlias.TliasApplication-Started TliasApplication in 1.764 seconds (process running for 2.606)
2025-03-16 15:31:19.715 [http-nio-8080-exec-1] INFO  o.a.c.core.ContainerBase.[Tomcat].[localhost].[/]-Initializing Spring DispatcherServlet 'dispatcherServlet'
2025-03-16 15:31:19.715 [http-nio-8080-exec-1] INFO  org.springframework.web.servlet.DispatcherServlet-Initializing Servlet 'dispatcherServlet'
2025-03-16 15:31:19.715 [http-nio-8080-exec-1] INFO  org.springframework.web.servlet.DispatcherServlet-Completed initialization in 0 ms
2025-03-16 15:31:19.747 [http-nio-8080-exec-2] INFO  com.example.tlias.controller.DeptController-查询全部部门数据
2025-03-16 15:31:19.760 [http-nio-8080-exec-1] INFO  com.example.tlias.controller.EmpController-分页查询：EmpQueryParam(page=1, pageSize=10, name=, gender=null, begin=null, end=null)
2025-03-16 15:31:19.769 [http-nio-8080-exec-2] INFO  com.zaxxer.hikari.HikariDataSource-HikariPool-1 - Starting...
2025-03-16 15:31:20.130 [http-nio-8080-exec-2] INFO  com.zaxxer.hikari.pool.HikariPool-HikariPool-1 - Added connection com.mysql.cj.jdbc.ConnectionImpl@384c70f
2025-03-16 15:31:20.133 [http-nio-8080-exec-2] INFO  com.zaxxer.hikari.HikariDataSource-HikariPool-1 - Start completed.
2025-03-16 15:32:52.571 [http-nio-8080-exec-3] INFO  com.example.tlias.controller.EmpController-添加了员工：Emp(id=null, username=linpingzhi, password=null, name=林平之, gender=1, phone=15266963368, job=3, salary=6000, image=, entryDate=2025-03-10, deptId=9, createTime=null, updateTime=null, deptName=null, exprList=[EmpExpr(id=null, empId=null, begin=2025-03-13, end=2025-04-10, company=百度, job=Java), EmpExpr(id=null, empId=null, begin=2025-03-21, end=2025-04-25, company=网易, job=Java)])
2025-03-16 15:32:52.683 [http-nio-8080-exec-4] INFO  com.example.tlias.controller.EmpController-分页查询：EmpQueryParam(page=1, pageSize=10, name=, gender=null, begin=null, end=null)
2025-03-16 15:33:00.671 [http-nio-8080-exec-10] INFO  com.example.tlias.controller.DeptController-查询全部部门数据
2025-03-16 15:33:00.671 [http-nio-8080-exec-6] INFO  com.example.tlias.controller.EmpController-分页查询：EmpQueryParam(page=1, pageSize=10, name=, gender=null, begin=null, end=null)
2025-03-16 15:33:05.171 [http-nio-8080-exec-7] WARN  o.s.w.s.m.support.DefaultHandlerExceptionResolver-Resolved [org.springframework.web.HttpRequestMethodNotSupportedException: Request method 'DELETE' is not supported]
2025-03-16 15:33:07.554 [http-nio-8080-exec-9] INFO  com.example.tlias.controller.DeptController-查询全部部门数据
2025-03-16 15:33:07.555 [http-nio-8080-exec-8] INFO  com.example.tlias.controller.EmpController-分页查询：EmpQueryParam(page=1, pageSize=10, name=, gender=null, begin=null, end=null)
2025-03-16 15:35:15.764 [http-nio-8080-exec-2] INFO  com.example.tlias.controller.DeptController-查询全部部门数据
2025-03-16 15:35:32.638 [http-nio-8080-exec-1] INFO  com.example.tlias.controller.EmpController-分页查询：EmpQueryParam(page=1, pageSize=5, name=阮, gender=1, begin=2010-01-01, end=2020-01-01)
2025-03-16 16:10:37.435 [SpringApplicationShutdownHook] INFO  o.s.boot.web.embedded.tomcat.GracefulShutdown-Commencing graceful shutdown. Waiting for active requests to complete
2025-03-16 16:10:37.440 [tomcat-shutdown] INFO  o.s.boot.web.embedded.tomcat.GracefulShutdown-Graceful shutdown complete
2025-03-16 16:10:37.442 [SpringApplicationShutdownHook] INFO  com.zaxxer.hikari.HikariDataSource-HikariPool-1 - Shutdown initiated...
2025-03-16 16:10:37.447 [SpringApplicationShutdownHook] INFO  com.zaxxer.hikari.HikariDataSource-HikariPool-1 - Shutdown completed.
2025-03-16 16:10:41.037 [main] INFO  com.example.tlias.TliasApplication-Starting TliasApplication using Java 21 with PID 22544 (E:\Java\Exercise\Tlias System\Tlias\target\classes started by shiqing in E:\Java\Exercise\Tlias System\Tlias)
2025-03-16 16:10:41.039 [main] INFO  com.example.tlias.TliasApplication-No active profile set, falling back to 1 default profile: "default"
2025-03-16 16:10:41.745 [main] INFO  o.s.boot.web.embedded.tomcat.TomcatWebServer-Tomcat initialized with port 8080 (http)
2025-03-16 16:10:41.754 [main] INFO  org.apache.coyote.http11.Http11NioProtocol-Initializing ProtocolHandler ["http-nio-8080"]
2025-03-16 16:10:41.757 [main] INFO  org.apache.catalina.core.StandardService-Starting service [Tomcat]
2025-03-16 16:10:41.757 [main] INFO  org.apache.catalina.core.StandardEngine-Starting Servlet engine: [Apache Tomcat/10.1.36]
2025-03-16 16:10:41.793 [main] INFO  o.a.c.core.ContainerBase.[Tomcat].[localhost].[/]-Initializing Spring embedded WebApplicationContext
2025-03-16 16:10:41.794 [main] INFO  o.s.b.w.s.c.ServletWebServerApplicationContext-Root WebApplicationContext: initialization completed in 719 ms
2025-03-16 16:10:42.229 [main] INFO  org.apache.coyote.http11.Http11NioProtocol-Starting ProtocolHandler ["http-nio-8080"]
2025-03-16 16:10:42.245 [main] INFO  o.s.boot.web.embedded.tomcat.TomcatWebServer-Tomcat started on port 8080 (http) with context path '/'
2025-03-16 16:10:42.250 [main] INFO  com.example.tlias.TliasApplication-Started TliasApplication in 1.519 seconds (process running for 2.196)
2025-03-16 16:18:50.471 [SpringApplicationShutdownHook] INFO  o.s.boot.web.embedded.tomcat.GracefulShutdown-Commencing graceful shutdown. Waiting for active requests to complete
2025-03-16 16:18:50.479 [tomcat-shutdown] INFO  o.s.boot.web.embedded.tomcat.GracefulShutdown-Graceful shutdown complete
2025-03-16 16:18:54.170 [main] INFO  com.example.tlias.TliasApplication-Starting TliasApplication using Java 21 with PID 37352 (E:\Java\Exercise\Tlias System\Tlias\target\classes started by shiqing in E:\Java\Exercise\Tlias System\Tlias)
2025-03-16 16:18:54.171 [main] INFO  com.example.tlias.TliasApplication-No active profile set, falling back to 1 default profile: "default"
2025-03-16 16:18:54.898 [main] INFO  o.s.boot.web.embedded.tomcat.TomcatWebServer-Tomcat initialized with port 8080 (http)
2025-03-16 16:18:54.906 [main] INFO  org.apache.coyote.http11.Http11NioProtocol-Initializing ProtocolHandler ["http-nio-8080"]
2025-03-16 16:18:54.907 [main] INFO  org.apache.catalina.core.StandardService-Starting service [Tomcat]
2025-03-16 16:18:54.907 [main] INFO  org.apache.catalina.core.StandardEngine-Starting Servlet engine: [Apache Tomcat/10.1.36]
2025-03-16 16:18:54.940 [main] INFO  o.a.c.core.ContainerBase.[Tomcat].[localhost].[/]-Initializing Spring embedded WebApplicationContext
2025-03-16 16:18:54.942 [main] INFO  o.s.b.w.s.c.ServletWebServerApplicationContext-Root WebApplicationContext: initialization completed in 729 ms
2025-03-16 16:18:55.442 [main] INFO  org.apache.coyote.http11.Http11NioProtocol-Starting ProtocolHandler ["http-nio-8080"]
2025-03-16 16:18:55.457 [main] INFO  o.s.boot.web.embedded.tomcat.TomcatWebServer-Tomcat started on port 8080 (http) with context path '/'
2025-03-16 16:18:55.463 [main] INFO  com.example.tlias.TliasApplication-Started TliasApplication in 1.621 seconds (process running for 2.26)
2025-03-16 16:20:05.618 [http-nio-8080-exec-1] INFO  o.a.c.core.ContainerBase.[Tomcat].[localhost].[/]-Initializing Spring DispatcherServlet 'dispatcherServlet'
2025-03-16 16:20:05.618 [http-nio-8080-exec-1] INFO  org.springframework.web.servlet.DispatcherServlet-Initializing Servlet 'dispatcherServlet'
2025-03-16 16:20:05.619 [http-nio-8080-exec-1] INFO  org.springframework.web.servlet.DispatcherServlet-Completed initialization in 1 ms
2025-03-16 16:20:05.639 [http-nio-8080-exec-3] INFO  com.example.tlias.controller.DeptController-查询全部部门数据
2025-03-16 16:20:05.650 [http-nio-8080-exec-1] INFO  com.example.tlias.controller.EmpController-分页查询：EmpQueryParam(page=1, pageSize=10, name=, gender=null, begin=null, end=null)
2025-03-16 16:20:05.654 [http-nio-8080-exec-3] INFO  com.zaxxer.hikari.HikariDataSource-HikariPool-1 - Starting...
2025-03-16 16:20:05.881 [http-nio-8080-exec-3] INFO  com.zaxxer.hikari.pool.HikariPool-HikariPool-1 - Added connection com.mysql.cj.jdbc.ConnectionImpl@1ba3cfd1
2025-03-16 16:20:05.883 [http-nio-8080-exec-3] INFO  com.zaxxer.hikari.HikariDataSource-HikariPool-1 - Start completed.
2025-03-16 16:20:09.597 [SpringApplicationShutdownHook] INFO  o.s.boot.web.embedded.tomcat.GracefulShutdown-Commencing graceful shutdown. Waiting for active requests to complete
2025-03-16 16:20:09.603 [tomcat-shutdown] INFO  o.s.boot.web.embedded.tomcat.GracefulShutdown-Graceful shutdown complete
2025-03-16 16:20:09.606 [SpringApplicationShutdownHook] INFO  com.zaxxer.hikari.HikariDataSource-HikariPool-1 - Shutdown initiated...
2025-03-16 16:20:09.614 [SpringApplicationShutdownHook] INFO  com.zaxxer.hikari.HikariDataSource-HikariPool-1 - Shutdown completed.
2025-03-16 16:20:13.172 [main] INFO  com.example.tlias.TliasApplication-Starting TliasApplication using Java 21 with PID 39716 (E:\Java\Exercise\Tlias System\Tlias\target\classes started by shiqing in E:\Java\Exercise\Tlias System\Tlias)
2025-03-16 16:20:13.173 [main] INFO  com.example.tlias.TliasApplication-No active profile set, falling back to 1 default profile: "default"
2025-03-16 16:20:13.867 [main] INFO  o.s.boot.web.embedded.tomcat.TomcatWebServer-Tomcat initialized with port 8080 (http)
2025-03-16 16:20:13.876 [main] INFO  org.apache.coyote.http11.Http11NioProtocol-Initializing ProtocolHandler ["http-nio-8080"]
2025-03-16 16:20:13.877 [main] INFO  org.apache.catalina.core.StandardService-Starting service [Tomcat]
2025-03-16 16:20:13.878 [main] INFO  org.apache.catalina.core.StandardEngine-Starting Servlet engine: [Apache Tomcat/10.1.36]
2025-03-16 16:20:13.912 [main] INFO  o.a.c.core.ContainerBase.[Tomcat].[localhost].[/]-Initializing Spring embedded WebApplicationContext
2025-03-16 16:20:13.913 [main] INFO  o.s.b.w.s.c.ServletWebServerApplicationContext-Root WebApplicationContext: initialization completed in 698 ms
2025-03-16 16:20:14.353 [main] INFO  org.apache.coyote.http11.Http11NioProtocol-Starting ProtocolHandler ["http-nio-8080"]
2025-03-16 16:20:14.367 [main] INFO  o.s.boot.web.embedded.tomcat.TomcatWebServer-Tomcat started on port 8080 (http) with context path '/'
2025-03-16 16:20:14.372 [main] INFO  com.example.tlias.TliasApplication-Started TliasApplication in 1.502 seconds (process running for 2.168)
2025-03-16 16:21:07.341 [http-nio-8080-exec-1] INFO  o.a.c.core.ContainerBase.[Tomcat].[localhost].[/]-Initializing Spring DispatcherServlet 'dispatcherServlet'
2025-03-16 16:21:07.342 [http-nio-8080-exec-1] INFO  org.springframework.web.servlet.DispatcherServlet-Initializing Servlet 'dispatcherServlet'
2025-03-16 16:21:07.343 [http-nio-8080-exec-1] INFO  org.springframework.web.servlet.DispatcherServlet-Completed initialization in 1 ms
2025-03-16 16:21:07.422 [http-nio-8080-exec-1] INFO  com.example.tlias.controller.EmpController-添加了员工：Emp(id=null, username=fanyun, password=null, name=范云, gender=1, phone=12365987853, job=null, salary=null, image=, entryDate=null, deptId=null, createTime=null, updateTime=null, deptName=null, exprList=[EmpExpr(id=null, empId=null, begin=2025-03-01, end=2025-04-30, company=百度, job=python)])
2025-03-16 16:21:07.442 [http-nio-8080-exec-1] INFO  com.zaxxer.hikari.HikariDataSource-HikariPool-1 - Starting...
2025-03-16 16:21:07.648 [http-nio-8080-exec-1] INFO  com.zaxxer.hikari.pool.HikariPool-HikariPool-1 - Added connection com.mysql.cj.jdbc.ConnectionImpl@4eeb53f1
2025-03-16 16:21:07.650 [http-nio-8080-exec-1] INFO  com.zaxxer.hikari.HikariDataSource-HikariPool-1 - Start completed.
2025-03-16 16:21:07.742 [http-nio-8080-exec-1] ERROR o.a.c.c.C.[.[localhost].[/].[dispatcherServlet]-Servlet.service() for servlet [dispatcherServlet] in context with path [] threw exception [Request processing failed: java.lang.ArithmeticException: / by zero] with root cause
java.lang.ArithmeticException: / by zero
	at com.example.tlias.service.impl.EmpServiceImpl.save(EmpServiceImpl.java:56)
	at java.base/jdk.internal.reflect.DirectMethodHandleAccessor.invoke(DirectMethodHandleAccessor.java:103)
	at java.base/java.lang.reflect.Method.invoke(Method.java:580)
	at org.springframework.aop.support.AopUtils.invokeJoinpointUsingReflection(AopUtils.java:359)
	at org.springframework.aop.framework.ReflectiveMethodInvocation.invokeJoinpoint(ReflectiveMethodInvocation.java:196)
	at org.springframework.aop.framework.ReflectiveMethodInvocation.proceed(ReflectiveMethodInvocation.java:163)
	at org.springframework.transaction.interceptor.TransactionAspectSupport.invokeWithinTransaction(TransactionAspectSupport.java:380)
	at org.springframework.transaction.interceptor.TransactionInterceptor.invoke(TransactionInterceptor.java:119)
	at org.springframework.aop.framework.ReflectiveMethodInvocation.proceed(ReflectiveMethodInvocation.java:184)
	at org.springframework.aop.framework.CglibAopProxy$DynamicAdvisedInterceptor.intercept(CglibAopProxy.java:727)
	at com.example.tlias.service.impl.EmpServiceImpl$$SpringCGLIB$$0.save(<generated>)
	at com.example.tlias.controller.EmpController.save(EmpController.java:41)
	at java.base/jdk.internal.reflect.DirectMethodHandleAccessor.invoke(DirectMethodHandleAccessor.java:103)
	at java.base/java.lang.reflect.Method.invoke(Method.java:580)
	at org.springframework.web.method.support.InvocableHandlerMethod.doInvoke(InvocableHandlerMethod.java:257)
	at org.springframework.web.method.support.InvocableHandlerMethod.invokeForRequest(InvocableHandlerMethod.java:190)
	at org.springframework.web.servlet.mvc.method.annotation.ServletInvocableHandlerMethod.invokeAndHandle(ServletInvocableHandlerMethod.java:118)
	at org.springframework.web.servlet.mvc.method.annotation.RequestMappingHandlerAdapter.invokeHandlerMethod(RequestMappingHandlerAdapter.java:986)
	at org.springframework.web.servlet.mvc.method.annotation.RequestMappingHandlerAdapter.handleInternal(RequestMappingHandlerAdapter.java:891)
	at org.springframework.web.servlet.mvc.method.AbstractHandlerMethodAdapter.handle(AbstractHandlerMethodAdapter.java:87)
	at org.springframework.web.servlet.DispatcherServlet.doDispatch(DispatcherServlet.java:1088)
	at org.springframework.web.servlet.DispatcherServlet.doService(DispatcherServlet.java:978)
	at org.springframework.web.servlet.FrameworkServlet.processRequest(FrameworkServlet.java:1014)
	at org.springframework.web.servlet.FrameworkServlet.doPost(FrameworkServlet.java:914)
	at jakarta.servlet.http.HttpServlet.service(HttpServlet.java:590)
	at org.springframework.web.servlet.FrameworkServlet.service(FrameworkServlet.java:885)
	at jakarta.servlet.http.HttpServlet.service(HttpServlet.java:658)
	at org.apache.catalina.core.ApplicationFilterChain.internalDoFilter(ApplicationFilterChain.java:195)
	at org.apache.catalina.core.ApplicationFilterChain.doFilter(ApplicationFilterChain.java:140)
	at org.apache.tomcat.websocket.server.WsFilter.doFilter(WsFilter.java:51)
	at org.apache.catalina.core.ApplicationFilterChain.internalDoFilter(ApplicationFilterChain.java:164)
	at org.apache.catalina.core.ApplicationFilterChain.doFilter(ApplicationFilterChain.java:140)
	at org.springframework.web.filter.RequestContextFilter.doFilterInternal(RequestContextFilter.java:100)
	at org.springframework.web.filter.OncePerRequestFilter.doFilter(OncePerRequestFilter.java:116)
	at org.apache.catalina.core.ApplicationFilterChain.internalDoFilter(ApplicationFilterChain.java:164)
	at org.apache.catalina.core.ApplicationFilterChain.doFilter(ApplicationFilterChain.java:140)
	at org.springframework.web.filter.FormContentFilter.doFilterInternal(FormContentFilter.java:93)
	at org.springframework.web.filter.OncePerRequestFilter.doFilter(OncePerRequestFilter.java:116)
	at org.apache.catalina.core.ApplicationFilterChain.internalDoFilter(ApplicationFilterChain.java:164)
	at org.apache.catalina.core.ApplicationFilterChain.doFilter(ApplicationFilterChain.java:140)
	at org.springframework.web.filter.CharacterEncodingFilter.doFilterInternal(CharacterEncodingFilter.java:201)
	at org.springframework.web.filter.OncePerRequestFilter.doFilter(OncePerRequestFilter.java:116)
	at org.apache.catalina.core.ApplicationFilterChain.internalDoFilter(ApplicationFilterChain.java:164)
	at org.apache.catalina.core.ApplicationFilterChain.doFilter(ApplicationFilterChain.java:140)
	at org.apache.catalina.core.StandardWrapperValve.invoke(StandardWrapperValve.java:167)
	at org.apache.catalina.core.StandardContextValve.invoke(StandardContextValve.java:90)
	at org.apache.catalina.authenticator.AuthenticatorBase.invoke(AuthenticatorBase.java:483)
	at org.apache.catalina.core.StandardHostValve.invoke(StandardHostValve.java:115)
	at org.apache.catalina.valves.ErrorReportValve.invoke(ErrorReportValve.java:93)
	at org.apache.catalina.core.StandardEngineValve.invoke(StandardEngineValve.java:74)
	at org.apache.catalina.connector.CoyoteAdapter.service(CoyoteAdapter.java:344)
	at org.apache.coyote.http11.Http11Processor.service(Http11Processor.java:397)
	at org.apache.coyote.AbstractProcessorLight.process(AbstractProcessorLight.java:63)
	at org.apache.coyote.AbstractProtocol$ConnectionHandler.process(AbstractProtocol.java:905)
	at org.apache.tomcat.util.net.NioEndpoint$SocketProcessor.doRun(NioEndpoint.java:1743)
	at org.apache.tomcat.util.net.SocketProcessorBase.run(SocketProcessorBase.java:52)
	at org.apache.tomcat.util.threads.ThreadPoolExecutor.runWorker(ThreadPoolExecutor.java:1190)
	at org.apache.tomcat.util.threads.ThreadPoolExecutor$Worker.run(ThreadPoolExecutor.java:659)
	at org.apache.tomcat.util.threads.TaskThread$WrappingRunnable.run(TaskThread.java:63)
	at java.base/java.lang.Thread.run(Thread.java:1583)
2025-03-16 16:21:22.537 [http-nio-8080-exec-3] INFO  com.example.tlias.controller.EmpController-分页查询：EmpQueryParam(page=1, pageSize=10, name=, gender=null, begin=null, end=null)
2025-03-16 16:21:22.612 [http-nio-8080-exec-7] INFO  com.example.tlias.controller.DeptController-查询全部部门数据
2025-03-16 16:22:41.751 [SpringApplicationShutdownHook] INFO  o.s.boot.web.embedded.tomcat.GracefulShutdown-Commencing graceful shutdown. Waiting for active requests to complete
2025-03-16 16:22:41.754 [tomcat-shutdown] INFO  o.s.boot.web.embedded.tomcat.GracefulShutdown-Graceful shutdown complete
2025-03-16 16:22:41.757 [SpringApplicationShutdownHook] INFO  com.zaxxer.hikari.HikariDataSource-HikariPool-1 - Shutdown initiated...
2025-03-16 16:22:41.762 [SpringApplicationShutdownHook] INFO  com.zaxxer.hikari.HikariDataSource-HikariPool-1 - Shutdown completed.
2025-03-16 16:23:13.155 [main] INFO  com.example.tlias.TliasApplication-Starting TliasApplication using Java 21 with PID 8152 (E:\Java\Exercise\Tlias System\Tlias\target\classes started by shiqing in E:\Java\Exercise\Tlias System\Tlias)
2025-03-16 16:23:13.157 [main] INFO  com.example.tlias.TliasApplication-No active profile set, falling back to 1 default profile: "default"
2025-03-16 16:23:13.923 [main] INFO  o.s.boot.web.embedded.tomcat.TomcatWebServer-Tomcat initialized with port 8080 (http)
2025-03-16 16:23:13.932 [main] INFO  org.apache.coyote.http11.Http11NioProtocol-Initializing ProtocolHandler ["http-nio-8080"]
2025-03-16 16:23:13.935 [main] INFO  org.apache.catalina.core.StandardService-Starting service [Tomcat]
2025-03-16 16:23:13.935 [main] INFO  org.apache.catalina.core.StandardEngine-Starting Servlet engine: [Apache Tomcat/10.1.36]
2025-03-16 16:23:13.970 [main] INFO  o.a.c.core.ContainerBase.[Tomcat].[localhost].[/]-Initializing Spring embedded WebApplicationContext
2025-03-16 16:23:13.970 [main] INFO  o.s.b.w.s.c.ServletWebServerApplicationContext-Root WebApplicationContext: initialization completed in 774 ms
2025-03-16 16:23:14.440 [main] INFO  org.apache.coyote.http11.Http11NioProtocol-Starting ProtocolHandler ["http-nio-8080"]
2025-03-16 16:23:14.454 [main] INFO  o.s.boot.web.embedded.tomcat.TomcatWebServer-Tomcat started on port 8080 (http) with context path '/'
2025-03-16 16:23:14.460 [main] INFO  com.example.tlias.TliasApplication-Started TliasApplication in 1.651 seconds (process running for 2.425)
2025-03-16 16:40:09.169 [SpringApplicationShutdownHook] INFO  o.s.boot.web.embedded.tomcat.GracefulShutdown-Commencing graceful shutdown. Waiting for active requests to complete
2025-03-16 16:40:09.173 [tomcat-shutdown] INFO  o.s.boot.web.embedded.tomcat.GracefulShutdown-Graceful shutdown complete
2025-03-16 16:49:47.479 [main] INFO  com.example.tlias.TliasApplication-Starting TliasApplication using Java 21 with PID 39416 (E:\Java\Exercise\Tlias System\Tlias\target\classes started by shiqing in E:\Java\Exercise\Tlias System\Tlias)
2025-03-16 16:49:47.480 [main] INFO  com.example.tlias.TliasApplication-No active profile set, falling back to 1 default profile: "default"
2025-03-16 16:49:48.207 [main] INFO  o.s.boot.web.embedded.tomcat.TomcatWebServer-Tomcat initialized with port 8080 (http)
2025-03-16 16:49:48.215 [main] INFO  org.apache.coyote.http11.Http11NioProtocol-Initializing ProtocolHandler ["http-nio-8080"]
2025-03-16 16:49:48.216 [main] INFO  org.apache.catalina.core.StandardService-Starting service [Tomcat]
2025-03-16 16:49:48.216 [main] INFO  org.apache.catalina.core.StandardEngine-Starting Servlet engine: [Apache Tomcat/10.1.36]
2025-03-16 16:49:48.252 [main] INFO  o.a.c.core.ContainerBase.[Tomcat].[localhost].[/]-Initializing Spring embedded WebApplicationContext
2025-03-16 16:49:48.252 [main] INFO  o.s.b.w.s.c.ServletWebServerApplicationContext-Root WebApplicationContext: initialization completed in 729 ms
2025-03-16 16:49:48.699 [main] INFO  org.apache.coyote.http11.Http11NioProtocol-Starting ProtocolHandler ["http-nio-8080"]
2025-03-16 16:49:48.714 [main] INFO  o.s.boot.web.embedded.tomcat.TomcatWebServer-Tomcat started on port 8080 (http) with context path '/'
2025-03-16 16:49:48.719 [main] INFO  com.example.tlias.TliasApplication-Started TliasApplication in 1.615 seconds (process running for 2.339)
2025-03-16 16:51:42.170 [http-nio-8080-exec-1] INFO  o.a.c.core.ContainerBase.[Tomcat].[localhost].[/]-Initializing Spring DispatcherServlet 'dispatcherServlet'
2025-03-16 16:51:42.170 [http-nio-8080-exec-1] INFO  org.springframework.web.servlet.DispatcherServlet-Initializing Servlet 'dispatcherServlet'
2025-03-16 16:51:42.171 [http-nio-8080-exec-1] INFO  org.springframework.web.servlet.DispatcherServlet-Completed initialization in 0 ms
2025-03-16 16:51:42.238 [http-nio-8080-exec-1] INFO  com.example.tlias.controller.EmpController-添加了员工：Emp(id=null, username=aaa, password=null, name=啊啊啊, gender=1, phone=12569833542, job=null, salary=null, image=, entryDate=null, deptId=null, createTime=null, updateTime=null, deptName=null, exprList=[EmpExpr(id=null, empId=null, begin=2025-03-16, end=2025-04-26, company=, job=)])
2025-03-16 16:51:42.245 [http-nio-8080-exec-1] INFO  com.zaxxer.hikari.HikariDataSource-HikariPool-1 - Starting...
2025-03-16 16:51:42.451 [http-nio-8080-exec-1] INFO  com.zaxxer.hikari.pool.HikariPool-HikariPool-1 - Added connection com.mysql.cj.jdbc.ConnectionImpl@3b6f753f
2025-03-16 16:51:42.454 [http-nio-8080-exec-1] INFO  com.zaxxer.hikari.HikariDataSource-HikariPool-1 - Start completed.
2025-03-16 16:51:42.605 [http-nio-8080-exec-2] INFO  com.example.tlias.controller.EmpController-分页查询：EmpQueryParam(page=1, pageSize=10, name=, gender=null, begin=null, end=null)
2025-03-16 16:52:46.647 [SpringApplicationShutdownHook] INFO  o.s.boot.web.embedded.tomcat.GracefulShutdown-Commencing graceful shutdown. Waiting for active requests to complete
2025-03-16 16:52:46.653 [tomcat-shutdown] INFO  o.s.boot.web.embedded.tomcat.GracefulShutdown-Graceful shutdown complete
2025-03-16 16:52:46.656 [SpringApplicationShutdownHook] INFO  com.zaxxer.hikari.HikariDataSource-HikariPool-1 - Shutdown initiated...
2025-03-16 16:52:46.663 [SpringApplicationShutdownHook] INFO  com.zaxxer.hikari.HikariDataSource-HikariPool-1 - Shutdown completed.
2025-03-16 16:52:50.161 [main] INFO  com.example.tlias.TliasApplication-Starting TliasApplication using Java 21 with PID 26636 (E:\Java\Exercise\Tlias System\Tlias\target\classes started by shiqing in E:\Java\Exercise\Tlias System\Tlias)
2025-03-16 16:52:50.162 [main] INFO  com.example.tlias.TliasApplication-No active profile set, falling back to 1 default profile: "default"
2025-03-16 16:52:50.835 [main] INFO  o.s.boot.web.embedded.tomcat.TomcatWebServer-Tomcat initialized with port 8080 (http)
2025-03-16 16:52:50.845 [main] INFO  org.apache.coyote.http11.Http11NioProtocol-Initializing ProtocolHandler ["http-nio-8080"]
2025-03-16 16:52:50.846 [main] INFO  org.apache.catalina.core.StandardService-Starting service [Tomcat]
2025-03-16 16:52:50.846 [main] INFO  org.apache.catalina.core.StandardEngine-Starting Servlet engine: [Apache Tomcat/10.1.36]
2025-03-16 16:52:50.884 [main] INFO  o.a.c.core.ContainerBase.[Tomcat].[localhost].[/]-Initializing Spring embedded WebApplicationContext
2025-03-16 16:52:50.884 [main] INFO  o.s.b.w.s.c.ServletWebServerApplicationContext-Root WebApplicationContext: initialization completed in 688 ms
2025-03-16 16:52:51.361 [main] INFO  org.apache.coyote.http11.Http11NioProtocol-Starting ProtocolHandler ["http-nio-8080"]
2025-03-16 16:52:51.384 [main] INFO  o.s.boot.web.embedded.tomcat.TomcatWebServer-Tomcat started on port 8080 (http) with context path '/'
2025-03-16 16:52:51.390 [main] INFO  com.example.tlias.TliasApplication-Started TliasApplication in 1.524 seconds (process running for 2.17)
2025-03-16 16:53:38.996 [http-nio-8080-exec-1] INFO  o.a.c.core.ContainerBase.[Tomcat].[localhost].[/]-Initializing Spring DispatcherServlet 'dispatcherServlet'
2025-03-16 16:53:38.997 [http-nio-8080-exec-1] INFO  org.springframework.web.servlet.DispatcherServlet-Initializing Servlet 'dispatcherServlet'
2025-03-16 16:53:38.997 [http-nio-8080-exec-1] INFO  org.springframework.web.servlet.DispatcherServlet-Completed initialization in 0 ms
2025-03-16 16:53:39.063 [http-nio-8080-exec-1] INFO  com.example.tlias.controller.EmpController-添加了员工：Emp(id=null, username=bbb, password=null, name=不不不, gender=1, phone=15246988563, job=null, salary=null, image=, entryDate=null, deptId=null, createTime=null, updateTime=null, deptName=null, exprList=[EmpExpr(id=null, empId=null, begin=2025-03-03, end=2025-04-24, company=23256, job=)])
2025-03-16 16:53:39.070 [http-nio-8080-exec-1] INFO  com.zaxxer.hikari.HikariDataSource-HikariPool-1 - Starting...
2025-03-16 16:53:39.265 [http-nio-8080-exec-1] INFO  com.zaxxer.hikari.pool.HikariPool-HikariPool-1 - Added connection com.mysql.cj.jdbc.ConnectionImpl@17f29b6e
2025-03-16 16:53:39.266 [http-nio-8080-exec-1] INFO  com.zaxxer.hikari.HikariDataSource-HikariPool-1 - Start completed.
2025-03-16 16:53:39.348 [http-nio-8080-exec-1] ERROR o.a.c.c.C.[.[localhost].[/].[dispatcherServlet]-Servlet.service() for servlet [dispatcherServlet] in context with path [] threw exception [Request processing failed: java.lang.ArithmeticException: / by zero] with root cause
java.lang.ArithmeticException: / by zero
	at com.example.tlias.service.impl.EmpServiceImpl.save(EmpServiceImpl.java:61)
	at java.base/jdk.internal.reflect.DirectMethodHandleAccessor.invoke(DirectMethodHandleAccessor.java:103)
	at java.base/java.lang.reflect.Method.invoke(Method.java:580)
	at org.springframework.aop.support.AopUtils.invokeJoinpointUsingReflection(AopUtils.java:359)
	at org.springframework.aop.framework.ReflectiveMethodInvocation.invokeJoinpoint(ReflectiveMethodInvocation.java:196)
	at org.springframework.aop.framework.ReflectiveMethodInvocation.proceed(ReflectiveMethodInvocation.java:163)
	at org.springframework.transaction.interceptor.TransactionAspectSupport.invokeWithinTransaction(TransactionAspectSupport.java:380)
	at org.springframework.transaction.interceptor.TransactionInterceptor.invoke(TransactionInterceptor.java:119)
	at org.springframework.aop.framework.ReflectiveMethodInvocation.proceed(ReflectiveMethodInvocation.java:184)
	at org.springframework.aop.framework.CglibAopProxy$DynamicAdvisedInterceptor.intercept(CglibAopProxy.java:727)
	at com.example.tlias.service.impl.EmpServiceImpl$$SpringCGLIB$$0.save(<generated>)
	at com.example.tlias.controller.EmpController.save(EmpController.java:41)
	at java.base/jdk.internal.reflect.DirectMethodHandleAccessor.invoke(DirectMethodHandleAccessor.java:103)
	at java.base/java.lang.reflect.Method.invoke(Method.java:580)
	at org.springframework.web.method.support.InvocableHandlerMethod.doInvoke(InvocableHandlerMethod.java:257)
	at org.springframework.web.method.support.InvocableHandlerMethod.invokeForRequest(InvocableHandlerMethod.java:190)
	at org.springframework.web.servlet.mvc.method.annotation.ServletInvocableHandlerMethod.invokeAndHandle(ServletInvocableHandlerMethod.java:118)
	at org.springframework.web.servlet.mvc.method.annotation.RequestMappingHandlerAdapter.invokeHandlerMethod(RequestMappingHandlerAdapter.java:986)
	at org.springframework.web.servlet.mvc.method.annotation.RequestMappingHandlerAdapter.handleInternal(RequestMappingHandlerAdapter.java:891)
	at org.springframework.web.servlet.mvc.method.AbstractHandlerMethodAdapter.handle(AbstractHandlerMethodAdapter.java:87)
	at org.springframework.web.servlet.DispatcherServlet.doDispatch(DispatcherServlet.java:1088)
	at org.springframework.web.servlet.DispatcherServlet.doService(DispatcherServlet.java:978)
	at org.springframework.web.servlet.FrameworkServlet.processRequest(FrameworkServlet.java:1014)
	at org.springframework.web.servlet.FrameworkServlet.doPost(FrameworkServlet.java:914)
	at jakarta.servlet.http.HttpServlet.service(HttpServlet.java:590)
	at org.springframework.web.servlet.FrameworkServlet.service(FrameworkServlet.java:885)
	at jakarta.servlet.http.HttpServlet.service(HttpServlet.java:658)
	at org.apache.catalina.core.ApplicationFilterChain.internalDoFilter(ApplicationFilterChain.java:195)
	at org.apache.catalina.core.ApplicationFilterChain.doFilter(ApplicationFilterChain.java:140)
	at org.apache.tomcat.websocket.server.WsFilter.doFilter(WsFilter.java:51)
	at org.apache.catalina.core.ApplicationFilterChain.internalDoFilter(ApplicationFilterChain.java:164)
	at org.apache.catalina.core.ApplicationFilterChain.doFilter(ApplicationFilterChain.java:140)
	at org.springframework.web.filter.RequestContextFilter.doFilterInternal(RequestContextFilter.java:100)
	at org.springframework.web.filter.OncePerRequestFilter.doFilter(OncePerRequestFilter.java:116)
	at org.apache.catalina.core.ApplicationFilterChain.internalDoFilter(ApplicationFilterChain.java:164)
	at org.apache.catalina.core.ApplicationFilterChain.doFilter(ApplicationFilterChain.java:140)
	at org.springframework.web.filter.FormContentFilter.doFilterInternal(FormContentFilter.java:93)
	at org.springframework.web.filter.OncePerRequestFilter.doFilter(OncePerRequestFilter.java:116)
	at org.apache.catalina.core.ApplicationFilterChain.internalDoFilter(ApplicationFilterChain.java:164)
	at org.apache.catalina.core.ApplicationFilterChain.doFilter(ApplicationFilterChain.java:140)
	at org.springframework.web.filter.CharacterEncodingFilter.doFilterInternal(CharacterEncodingFilter.java:201)
	at org.springframework.web.filter.OncePerRequestFilter.doFilter(OncePerRequestFilter.java:116)
	at org.apache.catalina.core.ApplicationFilterChain.internalDoFilter(ApplicationFilterChain.java:164)
	at org.apache.catalina.core.ApplicationFilterChain.doFilter(ApplicationFilterChain.java:140)
	at org.apache.catalina.core.StandardWrapperValve.invoke(StandardWrapperValve.java:167)
	at org.apache.catalina.core.StandardContextValve.invoke(StandardContextValve.java:90)
	at org.apache.catalina.authenticator.AuthenticatorBase.invoke(AuthenticatorBase.java:483)
	at org.apache.catalina.core.StandardHostValve.invoke(StandardHostValve.java:115)
	at org.apache.catalina.valves.ErrorReportValve.invoke(ErrorReportValve.java:93)
	at org.apache.catalina.core.StandardEngineValve.invoke(StandardEngineValve.java:74)
	at org.apache.catalina.connector.CoyoteAdapter.service(CoyoteAdapter.java:344)
	at org.apache.coyote.http11.Http11Processor.service(Http11Processor.java:397)
	at org.apache.coyote.AbstractProcessorLight.process(AbstractProcessorLight.java:63)
	at org.apache.coyote.AbstractProtocol$ConnectionHandler.process(AbstractProtocol.java:905)
	at org.apache.tomcat.util.net.NioEndpoint$SocketProcessor.doRun(NioEndpoint.java:1743)
	at org.apache.tomcat.util.net.SocketProcessorBase.run(SocketProcessorBase.java:52)
	at org.apache.tomcat.util.threads.ThreadPoolExecutor.runWorker(ThreadPoolExecutor.java:1190)
	at org.apache.tomcat.util.threads.ThreadPoolExecutor$Worker.run(ThreadPoolExecutor.java:659)
	at org.apache.tomcat.util.threads.TaskThread$WrappingRunnable.run(TaskThread.java:63)
	at java.base/java.lang.Thread.run(Thread.java:1583)
2025-03-16 16:59:38.141 [SpringApplicationShutdownHook] INFO  o.s.boot.web.embedded.tomcat.GracefulShutdown-Commencing graceful shutdown. Waiting for active requests to complete
2025-03-16 16:59:38.146 [tomcat-shutdown] INFO  o.s.boot.web.embedded.tomcat.GracefulShutdown-Graceful shutdown complete
2025-03-16 16:59:38.150 [SpringApplicationShutdownHook] INFO  com.zaxxer.hikari.HikariDataSource-HikariPool-1 - Shutdown initiated...
2025-03-16 16:59:38.160 [SpringApplicationShutdownHook] INFO  com.zaxxer.hikari.HikariDataSource-HikariPool-1 - Shutdown completed.
2025-03-16 17:00:20.133 [main] INFO  com.example.tlias.TliasApplication-Starting TliasApplication using Java 21 with PID 20288 (E:\Java\Exercise\Tlias System\Tlias\target\classes started by shiqing in E:\Java\Exercise\Tlias System\Tlias)
2025-03-16 17:00:20.134 [main] INFO  com.example.tlias.TliasApplication-No active profile set, falling back to 1 default profile: "default"
2025-03-16 17:00:20.838 [main] INFO  o.s.boot.web.embedded.tomcat.TomcatWebServer-Tomcat initialized with port 8080 (http)
2025-03-16 17:00:20.848 [main] INFO  org.apache.coyote.http11.Http11NioProtocol-Initializing ProtocolHandler ["http-nio-8080"]
2025-03-16 17:00:20.849 [main] INFO  org.apache.catalina.core.StandardService-Starting service [Tomcat]
2025-03-16 17:00:20.849 [main] INFO  org.apache.catalina.core.StandardEngine-Starting Servlet engine: [Apache Tomcat/10.1.36]
2025-03-16 17:00:20.884 [main] INFO  o.a.c.core.ContainerBase.[Tomcat].[localhost].[/]-Initializing Spring embedded WebApplicationContext
2025-03-16 17:00:20.885 [main] INFO  o.s.b.w.s.c.ServletWebServerApplicationContext-Root WebApplicationContext: initialization completed in 711 ms
2025-03-16 17:00:21.352 [main] INFO  org.apache.coyote.http11.Http11NioProtocol-Starting ProtocolHandler ["http-nio-8080"]
2025-03-16 17:00:21.367 [main] INFO  o.s.boot.web.embedded.tomcat.TomcatWebServer-Tomcat started on port 8080 (http) with context path '/'
2025-03-16 17:00:21.373 [main] INFO  com.example.tlias.TliasApplication-Started TliasApplication in 1.544 seconds (process running for 2.172)
2025-03-16 17:00:31.941 [http-nio-8080-exec-1] INFO  o.a.c.core.ContainerBase.[Tomcat].[localhost].[/]-Initializing Spring DispatcherServlet 'dispatcherServlet'
2025-03-16 17:00:31.942 [http-nio-8080-exec-1] INFO  org.springframework.web.servlet.DispatcherServlet-Initializing Servlet 'dispatcherServlet'
2025-03-16 17:00:31.942 [http-nio-8080-exec-1] INFO  org.springframework.web.servlet.DispatcherServlet-Completed initialization in 0 ms
2025-03-16 17:00:32.013 [http-nio-8080-exec-1] INFO  com.example.tlias.controller.EmpController-添加了员工：Emp(id=null, username=bbb, password=null, name=不不不, gender=1, phone=15246988563, job=null, salary=null, image=, entryDate=null, deptId=null, createTime=null, updateTime=null, deptName=null, exprList=[EmpExpr(id=null, empId=null, begin=2025-03-03, end=2025-04-24, company=23256, job=)])
2025-03-16 17:00:32.021 [http-nio-8080-exec-1] INFO  com.zaxxer.hikari.HikariDataSource-HikariPool-1 - Starting...
2025-03-16 17:00:32.235 [http-nio-8080-exec-1] INFO  com.zaxxer.hikari.pool.HikariPool-HikariPool-1 - Added connection com.mysql.cj.jdbc.ConnectionImpl@86f94a4
2025-03-16 17:00:32.237 [http-nio-8080-exec-1] INFO  com.zaxxer.hikari.HikariDataSource-HikariPool-1 - Start completed.
2025-03-16 17:00:32.338 [http-nio-8080-exec-1] ERROR o.a.c.c.C.[.[localhost].[/].[dispatcherServlet]-Servlet.service() for servlet [dispatcherServlet] in context with path [] threw exception [Request processing failed: java.lang.ArithmeticException: / by zero] with root cause
java.lang.ArithmeticException: / by zero
	at com.example.tlias.service.impl.EmpServiceImpl.save(EmpServiceImpl.java:61)
	at java.base/jdk.internal.reflect.DirectMethodHandleAccessor.invoke(DirectMethodHandleAccessor.java:103)
	at java.base/java.lang.reflect.Method.invoke(Method.java:580)
	at org.springframework.aop.support.AopUtils.invokeJoinpointUsingReflection(AopUtils.java:359)
	at org.springframework.aop.framework.ReflectiveMethodInvocation.invokeJoinpoint(ReflectiveMethodInvocation.java:196)
	at org.springframework.aop.framework.ReflectiveMethodInvocation.proceed(ReflectiveMethodInvocation.java:163)
	at org.springframework.transaction.interceptor.TransactionAspectSupport.invokeWithinTransaction(TransactionAspectSupport.java:380)
	at org.springframework.transaction.interceptor.TransactionInterceptor.invoke(TransactionInterceptor.java:119)
	at org.springframework.aop.framework.ReflectiveMethodInvocation.proceed(ReflectiveMethodInvocation.java:184)
	at org.springframework.aop.framework.CglibAopProxy$DynamicAdvisedInterceptor.intercept(CglibAopProxy.java:727)
	at com.example.tlias.service.impl.EmpServiceImpl$$SpringCGLIB$$0.save(<generated>)
	at com.example.tlias.controller.EmpController.save(EmpController.java:41)
	at java.base/jdk.internal.reflect.DirectMethodHandleAccessor.invoke(DirectMethodHandleAccessor.java:103)
	at java.base/java.lang.reflect.Method.invoke(Method.java:580)
	at org.springframework.web.method.support.InvocableHandlerMethod.doInvoke(InvocableHandlerMethod.java:257)
	at org.springframework.web.method.support.InvocableHandlerMethod.invokeForRequest(InvocableHandlerMethod.java:190)
	at org.springframework.web.servlet.mvc.method.annotation.ServletInvocableHandlerMethod.invokeAndHandle(ServletInvocableHandlerMethod.java:118)
	at org.springframework.web.servlet.mvc.method.annotation.RequestMappingHandlerAdapter.invokeHandlerMethod(RequestMappingHandlerAdapter.java:986)
	at org.springframework.web.servlet.mvc.method.annotation.RequestMappingHandlerAdapter.handleInternal(RequestMappingHandlerAdapter.java:891)
	at org.springframework.web.servlet.mvc.method.AbstractHandlerMethodAdapter.handle(AbstractHandlerMethodAdapter.java:87)
	at org.springframework.web.servlet.DispatcherServlet.doDispatch(DispatcherServlet.java:1088)
	at org.springframework.web.servlet.DispatcherServlet.doService(DispatcherServlet.java:978)
	at org.springframework.web.servlet.FrameworkServlet.processRequest(FrameworkServlet.java:1014)
	at org.springframework.web.servlet.FrameworkServlet.doPost(FrameworkServlet.java:914)
	at jakarta.servlet.http.HttpServlet.service(HttpServlet.java:590)
	at org.springframework.web.servlet.FrameworkServlet.service(FrameworkServlet.java:885)
	at jakarta.servlet.http.HttpServlet.service(HttpServlet.java:658)
	at org.apache.catalina.core.ApplicationFilterChain.internalDoFilter(ApplicationFilterChain.java:195)
	at org.apache.catalina.core.ApplicationFilterChain.doFilter(ApplicationFilterChain.java:140)
	at org.apache.tomcat.websocket.server.WsFilter.doFilter(WsFilter.java:51)
	at org.apache.catalina.core.ApplicationFilterChain.internalDoFilter(ApplicationFilterChain.java:164)
	at org.apache.catalina.core.ApplicationFilterChain.doFilter(ApplicationFilterChain.java:140)
	at org.springframework.web.filter.RequestContextFilter.doFilterInternal(RequestContextFilter.java:100)
	at org.springframework.web.filter.OncePerRequestFilter.doFilter(OncePerRequestFilter.java:116)
	at org.apache.catalina.core.ApplicationFilterChain.internalDoFilter(ApplicationFilterChain.java:164)
	at org.apache.catalina.core.ApplicationFilterChain.doFilter(ApplicationFilterChain.java:140)
	at org.springframework.web.filter.FormContentFilter.doFilterInternal(FormContentFilter.java:93)
	at org.springframework.web.filter.OncePerRequestFilter.doFilter(OncePerRequestFilter.java:116)
	at org.apache.catalina.core.ApplicationFilterChain.internalDoFilter(ApplicationFilterChain.java:164)
	at org.apache.catalina.core.ApplicationFilterChain.doFilter(ApplicationFilterChain.java:140)
	at org.springframework.web.filter.CharacterEncodingFilter.doFilterInternal(CharacterEncodingFilter.java:201)
	at org.springframework.web.filter.OncePerRequestFilter.doFilter(OncePerRequestFilter.java:116)
	at org.apache.catalina.core.ApplicationFilterChain.internalDoFilter(ApplicationFilterChain.java:164)
	at org.apache.catalina.core.ApplicationFilterChain.doFilter(ApplicationFilterChain.java:140)
	at org.apache.catalina.core.StandardWrapperValve.invoke(StandardWrapperValve.java:167)
	at org.apache.catalina.core.StandardContextValve.invoke(StandardContextValve.java:90)
	at org.apache.catalina.authenticator.AuthenticatorBase.invoke(AuthenticatorBase.java:483)
	at org.apache.catalina.core.StandardHostValve.invoke(StandardHostValve.java:115)
	at org.apache.catalina.valves.ErrorReportValve.invoke(ErrorReportValve.java:93)
	at org.apache.catalina.core.StandardEngineValve.invoke(StandardEngineValve.java:74)
	at org.apache.catalina.connector.CoyoteAdapter.service(CoyoteAdapter.java:344)
	at org.apache.coyote.http11.Http11Processor.service(Http11Processor.java:397)
	at org.apache.coyote.AbstractProcessorLight.process(AbstractProcessorLight.java:63)
	at org.apache.coyote.AbstractProtocol$ConnectionHandler.process(AbstractProtocol.java:905)
	at org.apache.tomcat.util.net.NioEndpoint$SocketProcessor.doRun(NioEndpoint.java:1743)
	at org.apache.tomcat.util.net.SocketProcessorBase.run(SocketProcessorBase.java:52)
	at org.apache.tomcat.util.threads.ThreadPoolExecutor.runWorker(ThreadPoolExecutor.java:1190)
	at org.apache.tomcat.util.threads.ThreadPoolExecutor$Worker.run(ThreadPoolExecutor.java:659)
	at org.apache.tomcat.util.threads.TaskThread$WrappingRunnable.run(TaskThread.java:63)
	at java.base/java.lang.Thread.run(Thread.java:1583)
2025-03-16 17:08:10.297 [SpringApplicationShutdownHook] INFO  o.s.boot.web.embedded.tomcat.GracefulShutdown-Commencing graceful shutdown. Waiting for active requests to complete
2025-03-16 17:08:10.303 [tomcat-shutdown] INFO  o.s.boot.web.embedded.tomcat.GracefulShutdown-Graceful shutdown complete
2025-03-16 17:08:10.308 [SpringApplicationShutdownHook] INFO  com.zaxxer.hikari.HikariDataSource-HikariPool-1 - Shutdown initiated...
2025-03-16 17:08:10.317 [SpringApplicationShutdownHook] INFO  com.zaxxer.hikari.HikariDataSource-HikariPool-1 - Shutdown completed.
2025-03-16 17:08:16.626 [main] INFO  com.example.tlias.TliasApplication-Starting TliasApplication using Java 21 with PID 40292 (E:\Java\Exercise\Tlias System\Tlias\target\classes started by shiqing in E:\Java\Exercise\Tlias System\Tlias)
2025-03-16 17:08:16.628 [main] INFO  com.example.tlias.TliasApplication-No active profile set, falling back to 1 default profile: "default"
2025-03-16 17:08:17.366 [main] INFO  o.s.boot.web.embedded.tomcat.TomcatWebServer-Tomcat initialized with port 8080 (http)
2025-03-16 17:08:17.375 [main] INFO  org.apache.coyote.http11.Http11NioProtocol-Initializing ProtocolHandler ["http-nio-8080"]
2025-03-16 17:08:17.377 [main] INFO  org.apache.catalina.core.StandardService-Starting service [Tomcat]
2025-03-16 17:08:17.377 [main] INFO  org.apache.catalina.core.StandardEngine-Starting Servlet engine: [Apache Tomcat/10.1.36]
2025-03-16 17:08:17.414 [main] INFO  o.a.c.core.ContainerBase.[Tomcat].[localhost].[/]-Initializing Spring embedded WebApplicationContext
2025-03-16 17:08:17.414 [main] INFO  o.s.b.w.s.c.ServletWebServerApplicationContext-Root WebApplicationContext: initialization completed in 744 ms
2025-03-16 17:08:17.889 [main] INFO  org.apache.coyote.http11.Http11NioProtocol-Starting ProtocolHandler ["http-nio-8080"]
2025-03-16 17:08:17.904 [main] INFO  o.s.boot.web.embedded.tomcat.TomcatWebServer-Tomcat started on port 8080 (http) with context path '/'
2025-03-16 17:08:17.909 [main] INFO  com.example.tlias.TliasApplication-Started TliasApplication in 1.651 seconds (process running for 2.387)
2025-03-16 17:33:57.353 [SpringApplicationShutdownHook] INFO  o.s.boot.web.embedded.tomcat.GracefulShutdown-Commencing graceful shutdown. Waiting for active requests to complete
2025-03-16 17:33:57.362 [tomcat-shutdown] INFO  o.s.boot.web.embedded.tomcat.GracefulShutdown-Graceful shutdown complete
2025-03-16 17:34:07.421 [main] INFO  com.example.tlias.TliasApplication-Starting TliasApplication using Java 21 with PID 21724 (E:\Java\Exercise\Tlias System\Tlias\target\classes started by shiqing in E:\Java\Exercise\Tlias System\Tlias)
2025-03-16 17:34:07.422 [main] INFO  com.example.tlias.TliasApplication-No active profile set, falling back to 1 default profile: "default"
2025-03-16 17:34:08.207 [main] INFO  o.s.boot.web.embedded.tomcat.TomcatWebServer-Tomcat initialized with port 8080 (http)
2025-03-16 17:34:08.218 [main] INFO  org.apache.coyote.http11.Http11NioProtocol-Initializing ProtocolHandler ["http-nio-8080"]
2025-03-16 17:34:08.219 [main] INFO  org.apache.catalina.core.StandardService-Starting service [Tomcat]
2025-03-16 17:34:08.219 [main] INFO  org.apache.catalina.core.StandardEngine-Starting Servlet engine: [Apache Tomcat/10.1.36]
2025-03-16 17:34:08.261 [main] INFO  o.a.c.core.ContainerBase.[Tomcat].[localhost].[/]-Initializing Spring embedded WebApplicationContext
2025-03-16 17:34:08.262 [main] INFO  o.s.b.w.s.c.ServletWebServerApplicationContext-Root WebApplicationContext: initialization completed in 798 ms
2025-03-16 17:34:08.775 [main] INFO  org.apache.coyote.http11.Http11NioProtocol-Starting ProtocolHandler ["http-nio-8080"]
2025-03-16 17:34:08.789 [main] INFO  o.s.boot.web.embedded.tomcat.TomcatWebServer-Tomcat started on port 8080 (http) with context path '/'
2025-03-16 17:34:08.795 [main] INFO  com.example.tlias.TliasApplication-Started TliasApplication in 1.727 seconds (process running for 2.45)
2025-03-16 17:34:51.751 [http-nio-8080-exec-1] INFO  o.a.c.core.ContainerBase.[Tomcat].[localhost].[/]-Initializing Spring DispatcherServlet 'dispatcherServlet'
2025-03-16 17:34:51.751 [http-nio-8080-exec-1] INFO  org.springframework.web.servlet.DispatcherServlet-Initializing Servlet 'dispatcherServlet'
2025-03-16 17:34:51.752 [http-nio-8080-exec-1] INFO  org.springframework.web.servlet.DispatcherServlet-Completed initialization in 1 ms
2025-03-16 17:39:41.095 [SpringApplicationShutdownHook] INFO  o.s.boot.web.embedded.tomcat.GracefulShutdown-Commencing graceful shutdown. Waiting for active requests to complete
2025-03-16 17:39:41.105 [tomcat-shutdown] INFO  o.s.boot.web.embedded.tomcat.GracefulShutdown-Graceful shutdown complete
2025-03-16 20:00:36.063 [main] INFO  com.example.tlias.TliasApplication-Starting TliasApplication using Java 21 with PID 2892 (E:\Java\Exercise\Tlias System\Tlias\target\classes started by shiqing in E:\Java\Exercise\Tlias System\Tlias)
2025-03-16 20:00:36.065 [main] INFO  com.example.tlias.TliasApplication-No active profile set, falling back to 1 default profile: "default"
2025-03-16 20:00:36.878 [main] INFO  o.s.boot.web.embedded.tomcat.TomcatWebServer-Tomcat initialized with port 8080 (http)
2025-03-16 20:00:36.890 [main] INFO  org.apache.coyote.http11.Http11NioProtocol-Initializing ProtocolHandler ["http-nio-8080"]
2025-03-16 20:00:36.891 [main] INFO  org.apache.catalina.core.StandardService-Starting service [Tomcat]
2025-03-16 20:00:36.891 [main] INFO  org.apache.catalina.core.StandardEngine-Starting Servlet engine: [Apache Tomcat/10.1.36]
2025-03-16 20:00:36.934 [main] INFO  o.a.c.core.ContainerBase.[Tomcat].[localhost].[/]-Initializing Spring embedded WebApplicationContext
2025-03-16 20:00:36.934 [main] INFO  o.s.b.w.s.c.ServletWebServerApplicationContext-Root WebApplicationContext: initialization completed in 831 ms
2025-03-16 20:00:37.461 [main] INFO  org.apache.coyote.http11.Http11NioProtocol-Starting ProtocolHandler ["http-nio-8080"]
2025-03-16 20:00:37.484 [main] INFO  o.s.boot.web.embedded.tomcat.TomcatWebServer-Tomcat started on port 8080 (http) with context path '/'
2025-03-16 20:00:37.489 [main] INFO  com.example.tlias.TliasApplication-Started TliasApplication in 1.799 seconds (process running for 2.679)
2025-03-16 20:04:43.573 [http-nio-8080-exec-1] INFO  o.a.c.core.ContainerBase.[Tomcat].[localhost].[/]-Initializing Spring DispatcherServlet 'dispatcherServlet'
2025-03-16 20:04:43.574 [http-nio-8080-exec-1] INFO  org.springframework.web.servlet.DispatcherServlet-Initializing Servlet 'dispatcherServlet'
2025-03-16 20:04:43.574 [http-nio-8080-exec-1] INFO  org.springframework.web.servlet.DispatcherServlet-Completed initialization in 0 ms
2025-03-16 20:04:43.616 [http-nio-8080-exec-1] INFO  com.example.tlias.controller.UploadController-文件上传： 屏幕截图 2025-03-12 225341.png
2025-03-16 20:04:43.889 [http-nio-8080-exec-1] ERROR o.a.c.c.C.[.[localhost].[/].[dispatcherServlet]-Servlet.service() for servlet [dispatcherServlet] in context with path [] threw exception [Request processing failed: com.aliyun.oss.common.auth.InvalidCredentialsException: Access key id should not be null or empty.] with root cause
com.aliyun.oss.common.auth.InvalidCredentialsException: Access key id should not be null or empty.
	at com.aliyun.oss.common.auth.EnvironmentVariableCredentialsProvider.getCredentials(EnvironmentVariableCredentialsProvider.java:44)
	at com.aliyun.oss.internal.OSSOperation.createDefaultContext(OSSOperation.java:217)
	at com.aliyun.oss.internal.OSSOperation.doOperation(OSSOperation.java:165)
	at com.aliyun.oss.internal.OSSOperation.doOperation(OSSOperation.java:153)
	at com.aliyun.oss.internal.OSSObjectOperation.writeObjectInternal(OSSObjectOperation.java:1173)
	at com.aliyun.oss.internal.OSSObjectOperation.putObject(OSSObjectOperation.java:107)
	at com.aliyun.oss.OSSClient.putObject(OSSClient.java:627)
	at com.aliyun.oss.OSSClient.putObject(OSSClient.java:611)
	at com.aliyun.oss.OSSClient.putObject(OSSClient.java:605)
	at com.example.tlias.utils.AliyunOSSOperator.upload(AliyunOSSOperator.java:42)
	at com.example.tlias.controller.UploadController.upload(UploadController.java:24)
	at java.base/jdk.internal.reflect.DirectMethodHandleAccessor.invoke(DirectMethodHandleAccessor.java:103)
	at java.base/java.lang.reflect.Method.invoke(Method.java:580)
	at org.springframework.web.method.support.InvocableHandlerMethod.doInvoke(InvocableHandlerMethod.java:257)
	at org.springframework.web.method.support.InvocableHandlerMethod.invokeForRequest(InvocableHandlerMethod.java:190)
	at org.springframework.web.servlet.mvc.method.annotation.ServletInvocableHandlerMethod.invokeAndHandle(ServletInvocableHandlerMethod.java:118)
	at org.springframework.web.servlet.mvc.method.annotation.RequestMappingHandlerAdapter.invokeHandlerMethod(RequestMappingHandlerAdapter.java:986)
	at org.springframework.web.servlet.mvc.method.annotation.RequestMappingHandlerAdapter.handleInternal(RequestMappingHandlerAdapter.java:891)
	at org.springframework.web.servlet.mvc.method.AbstractHandlerMethodAdapter.handle(AbstractHandlerMethodAdapter.java:87)
	at org.springframework.web.servlet.DispatcherServlet.doDispatch(DispatcherServlet.java:1088)
	at org.springframework.web.servlet.DispatcherServlet.doService(DispatcherServlet.java:978)
	at org.springframework.web.servlet.FrameworkServlet.processRequest(FrameworkServlet.java:1014)
	at org.springframework.web.servlet.FrameworkServlet.doPost(FrameworkServlet.java:914)
	at jakarta.servlet.http.HttpServlet.service(HttpServlet.java:590)
	at org.springframework.web.servlet.FrameworkServlet.service(FrameworkServlet.java:885)
	at jakarta.servlet.http.HttpServlet.service(HttpServlet.java:658)
	at org.apache.catalina.core.ApplicationFilterChain.internalDoFilter(ApplicationFilterChain.java:195)
	at org.apache.catalina.core.ApplicationFilterChain.doFilter(ApplicationFilterChain.java:140)
	at org.apache.tomcat.websocket.server.WsFilter.doFilter(WsFilter.java:51)
	at org.apache.catalina.core.ApplicationFilterChain.internalDoFilter(ApplicationFilterChain.java:164)
	at org.apache.catalina.core.ApplicationFilterChain.doFilter(ApplicationFilterChain.java:140)
	at org.springframework.web.filter.RequestContextFilter.doFilterInternal(RequestContextFilter.java:100)
	at org.springframework.web.filter.OncePerRequestFilter.doFilter(OncePerRequestFilter.java:116)
	at org.apache.catalina.core.ApplicationFilterChain.internalDoFilter(ApplicationFilterChain.java:164)
	at org.apache.catalina.core.ApplicationFilterChain.doFilter(ApplicationFilterChain.java:140)
	at org.springframework.web.filter.FormContentFilter.doFilterInternal(FormContentFilter.java:93)
	at org.springframework.web.filter.OncePerRequestFilter.doFilter(OncePerRequestFilter.java:116)
	at org.apache.catalina.core.ApplicationFilterChain.internalDoFilter(ApplicationFilterChain.java:164)
	at org.apache.catalina.core.ApplicationFilterChain.doFilter(ApplicationFilterChain.java:140)
	at org.springframework.web.filter.CharacterEncodingFilter.doFilterInternal(CharacterEncodingFilter.java:201)
	at org.springframework.web.filter.OncePerRequestFilter.doFilter(OncePerRequestFilter.java:116)
	at org.apache.catalina.core.ApplicationFilterChain.internalDoFilter(ApplicationFilterChain.java:164)
	at org.apache.catalina.core.ApplicationFilterChain.doFilter(ApplicationFilterChain.java:140)
	at org.apache.catalina.core.StandardWrapperValve.invoke(StandardWrapperValve.java:167)
	at org.apache.catalina.core.StandardContextValve.invoke(StandardContextValve.java:90)
	at org.apache.catalina.authenticator.AuthenticatorBase.invoke(AuthenticatorBase.java:483)
	at org.apache.catalina.core.StandardHostValve.invoke(StandardHostValve.java:115)
	at org.apache.catalina.valves.ErrorReportValve.invoke(ErrorReportValve.java:93)
	at org.apache.catalina.core.StandardEngineValve.invoke(StandardEngineValve.java:74)
	at org.apache.catalina.connector.CoyoteAdapter.service(CoyoteAdapter.java:344)
	at org.apache.coyote.http11.Http11Processor.service(Http11Processor.java:397)
	at org.apache.coyote.AbstractProcessorLight.process(AbstractProcessorLight.java:63)
	at org.apache.coyote.AbstractProtocol$ConnectionHandler.process(AbstractProtocol.java:905)
	at org.apache.tomcat.util.net.NioEndpoint$SocketProcessor.doRun(NioEndpoint.java:1743)
	at org.apache.tomcat.util.net.SocketProcessorBase.run(SocketProcessorBase.java:52)
	at org.apache.tomcat.util.threads.ThreadPoolExecutor.runWorker(ThreadPoolExecutor.java:1190)
	at org.apache.tomcat.util.threads.ThreadPoolExecutor$Worker.run(ThreadPoolExecutor.java:659)
	at org.apache.tomcat.util.threads.TaskThread$WrappingRunnable.run(TaskThread.java:63)
	at java.base/java.lang.Thread.run(Thread.java:1583)
2025-03-16 20:05:00.774 [SpringApplicationShutdownHook] INFO  o.s.boot.web.embedded.tomcat.GracefulShutdown-Commencing graceful shutdown. Waiting for active requests to complete
2025-03-16 20:05:00.778 [tomcat-shutdown] INFO  o.s.boot.web.embedded.tomcat.GracefulShutdown-Graceful shutdown complete
2025-03-16 20:05:02.622 [main] INFO  com.example.tlias.TliasApplication-Starting TliasApplication using Java 21 with PID 26512 (E:\Java\Exercise\Tlias System\Tlias\target\classes started by shiqing in E:\Java\Exercise\Tlias System\Tlias)
2025-03-16 20:05:02.623 [main] INFO  com.example.tlias.TliasApplication-No active profile set, falling back to 1 default profile: "default"
2025-03-16 20:05:03.376 [main] INFO  o.s.boot.web.embedded.tomcat.TomcatWebServer-Tomcat initialized with port 8080 (http)
2025-03-16 20:05:03.386 [main] INFO  org.apache.coyote.http11.Http11NioProtocol-Initializing ProtocolHandler ["http-nio-8080"]
2025-03-16 20:05:03.387 [main] INFO  org.apache.catalina.core.StandardService-Starting service [Tomcat]
2025-03-16 20:05:03.387 [main] INFO  org.apache.catalina.core.StandardEngine-Starting Servlet engine: [Apache Tomcat/10.1.36]
2025-03-16 20:05:03.426 [main] INFO  o.a.c.core.ContainerBase.[Tomcat].[localhost].[/]-Initializing Spring embedded WebApplicationContext
2025-03-16 20:05:03.426 [main] INFO  o.s.b.w.s.c.ServletWebServerApplicationContext-Root WebApplicationContext: initialization completed in 769 ms
2025-03-16 20:05:03.900 [main] INFO  org.apache.coyote.http11.Http11NioProtocol-Starting ProtocolHandler ["http-nio-8080"]
2025-03-16 20:05:03.913 [main] INFO  o.s.boot.web.embedded.tomcat.TomcatWebServer-Tomcat started on port 8080 (http) with context path '/'
2025-03-16 20:05:03.918 [main] INFO  com.example.tlias.TliasApplication-Started TliasApplication in 1.617 seconds (process running for 2.236)
2025-03-16 20:05:13.929 [http-nio-8080-exec-1] INFO  o.a.c.core.ContainerBase.[Tomcat].[localhost].[/]-Initializing Spring DispatcherServlet 'dispatcherServlet'
2025-03-16 20:05:13.930 [http-nio-8080-exec-1] INFO  org.springframework.web.servlet.DispatcherServlet-Initializing Servlet 'dispatcherServlet'
2025-03-16 20:05:13.930 [http-nio-8080-exec-1] INFO  org.springframework.web.servlet.DispatcherServlet-Completed initialization in 0 ms
2025-03-16 20:05:13.969 [http-nio-8080-exec-1] INFO  com.example.tlias.controller.UploadController-文件上传： 屏幕截图 2025-03-12 225341.png
2025-03-16 20:05:14.165 [http-nio-8080-exec-1] ERROR o.a.c.c.C.[.[localhost].[/].[dispatcherServlet]-Servlet.service() for servlet [dispatcherServlet] in context with path [] threw exception [Request processing failed: com.aliyun.oss.common.auth.InvalidCredentialsException: Access key id should not be null or empty.] with root cause
com.aliyun.oss.common.auth.InvalidCredentialsException: Access key id should not be null or empty.
	at com.aliyun.oss.common.auth.EnvironmentVariableCredentialsProvider.getCredentials(EnvironmentVariableCredentialsProvider.java:44)
	at com.aliyun.oss.internal.OSSOperation.createDefaultContext(OSSOperation.java:217)
	at com.aliyun.oss.internal.OSSOperation.doOperation(OSSOperation.java:165)
	at com.aliyun.oss.internal.OSSOperation.doOperation(OSSOperation.java:153)
	at com.aliyun.oss.internal.OSSObjectOperation.writeObjectInternal(OSSObjectOperation.java:1173)
	at com.aliyun.oss.internal.OSSObjectOperation.putObject(OSSObjectOperation.java:107)
	at com.aliyun.oss.OSSClient.putObject(OSSClient.java:627)
	at com.aliyun.oss.OSSClient.putObject(OSSClient.java:611)
	at com.aliyun.oss.OSSClient.putObject(OSSClient.java:605)
	at com.example.tlias.utils.AliyunOSSOperator.upload(AliyunOSSOperator.java:42)
	at com.example.tlias.controller.UploadController.upload(UploadController.java:24)
	at java.base/jdk.internal.reflect.DirectMethodHandleAccessor.invoke(DirectMethodHandleAccessor.java:103)
	at java.base/java.lang.reflect.Method.invoke(Method.java:580)
	at org.springframework.web.method.support.InvocableHandlerMethod.doInvoke(InvocableHandlerMethod.java:257)
	at org.springframework.web.method.support.InvocableHandlerMethod.invokeForRequest(InvocableHandlerMethod.java:190)
	at org.springframework.web.servlet.mvc.method.annotation.ServletInvocableHandlerMethod.invokeAndHandle(ServletInvocableHandlerMethod.java:118)
	at org.springframework.web.servlet.mvc.method.annotation.RequestMappingHandlerAdapter.invokeHandlerMethod(RequestMappingHandlerAdapter.java:986)
	at org.springframework.web.servlet.mvc.method.annotation.RequestMappingHandlerAdapter.handleInternal(RequestMappingHandlerAdapter.java:891)
	at org.springframework.web.servlet.mvc.method.AbstractHandlerMethodAdapter.handle(AbstractHandlerMethodAdapter.java:87)
	at org.springframework.web.servlet.DispatcherServlet.doDispatch(DispatcherServlet.java:1088)
	at org.springframework.web.servlet.DispatcherServlet.doService(DispatcherServlet.java:978)
	at org.springframework.web.servlet.FrameworkServlet.processRequest(FrameworkServlet.java:1014)
	at org.springframework.web.servlet.FrameworkServlet.doPost(FrameworkServlet.java:914)
	at jakarta.servlet.http.HttpServlet.service(HttpServlet.java:590)
	at org.springframework.web.servlet.FrameworkServlet.service(FrameworkServlet.java:885)
	at jakarta.servlet.http.HttpServlet.service(HttpServlet.java:658)
	at org.apache.catalina.core.ApplicationFilterChain.internalDoFilter(ApplicationFilterChain.java:195)
	at org.apache.catalina.core.ApplicationFilterChain.doFilter(ApplicationFilterChain.java:140)
	at org.apache.tomcat.websocket.server.WsFilter.doFilter(WsFilter.java:51)
	at org.apache.catalina.core.ApplicationFilterChain.internalDoFilter(ApplicationFilterChain.java:164)
	at org.apache.catalina.core.ApplicationFilterChain.doFilter(ApplicationFilterChain.java:140)
	at org.springframework.web.filter.RequestContextFilter.doFilterInternal(RequestContextFilter.java:100)
	at org.springframework.web.filter.OncePerRequestFilter.doFilter(OncePerRequestFilter.java:116)
	at org.apache.catalina.core.ApplicationFilterChain.internalDoFilter(ApplicationFilterChain.java:164)
	at org.apache.catalina.core.ApplicationFilterChain.doFilter(ApplicationFilterChain.java:140)
	at org.springframework.web.filter.FormContentFilter.doFilterInternal(FormContentFilter.java:93)
	at org.springframework.web.filter.OncePerRequestFilter.doFilter(OncePerRequestFilter.java:116)
	at org.apache.catalina.core.ApplicationFilterChain.internalDoFilter(ApplicationFilterChain.java:164)
	at org.apache.catalina.core.ApplicationFilterChain.doFilter(ApplicationFilterChain.java:140)
	at org.springframework.web.filter.CharacterEncodingFilter.doFilterInternal(CharacterEncodingFilter.java:201)
	at org.springframework.web.filter.OncePerRequestFilter.doFilter(OncePerRequestFilter.java:116)
	at org.apache.catalina.core.ApplicationFilterChain.internalDoFilter(ApplicationFilterChain.java:164)
	at org.apache.catalina.core.ApplicationFilterChain.doFilter(ApplicationFilterChain.java:140)
	at org.apache.catalina.core.StandardWrapperValve.invoke(StandardWrapperValve.java:167)
	at org.apache.catalina.core.StandardContextValve.invoke(StandardContextValve.java:90)
	at org.apache.catalina.authenticator.AuthenticatorBase.invoke(AuthenticatorBase.java:483)
	at org.apache.catalina.core.StandardHostValve.invoke(StandardHostValve.java:115)
	at org.apache.catalina.valves.ErrorReportValve.invoke(ErrorReportValve.java:93)
	at org.apache.catalina.core.StandardEngineValve.invoke(StandardEngineValve.java:74)
	at org.apache.catalina.connector.CoyoteAdapter.service(CoyoteAdapter.java:344)
	at org.apache.coyote.http11.Http11Processor.service(Http11Processor.java:397)
	at org.apache.coyote.AbstractProcessorLight.process(AbstractProcessorLight.java:63)
	at org.apache.coyote.AbstractProtocol$ConnectionHandler.process(AbstractProtocol.java:905)
	at org.apache.tomcat.util.net.NioEndpoint$SocketProcessor.doRun(NioEndpoint.java:1743)
	at org.apache.tomcat.util.net.SocketProcessorBase.run(SocketProcessorBase.java:52)
	at org.apache.tomcat.util.threads.ThreadPoolExecutor.runWorker(ThreadPoolExecutor.java:1190)
	at org.apache.tomcat.util.threads.ThreadPoolExecutor$Worker.run(ThreadPoolExecutor.java:659)
	at org.apache.tomcat.util.threads.TaskThread$WrappingRunnable.run(TaskThread.java:63)
	at java.base/java.lang.Thread.run(Thread.java:1583)
2025-03-16 20:11:01.639 [SpringApplicationShutdownHook] INFO  o.s.boot.web.embedded.tomcat.GracefulShutdown-Commencing graceful shutdown. Waiting for active requests to complete
2025-03-16 20:11:01.644 [tomcat-shutdown] INFO  o.s.boot.web.embedded.tomcat.GracefulShutdown-Graceful shutdown complete
2025-03-16 20:16:48.985 [main] INFO  com.example.tlias.TliasApplication-Starting TliasApplication using Java 21 with PID 836 (E:\Java\Exercise\Tlias System\Tlias\target\classes started by shiqing in E:\Java\Exercise\Tlias System\Tlias)
2025-03-16 20:16:48.986 [main] INFO  com.example.tlias.TliasApplication-No active profile set, falling back to 1 default profile: "default"
2025-03-16 20:16:49.796 [main] INFO  o.s.boot.web.embedded.tomcat.TomcatWebServer-Tomcat initialized with port 8080 (http)
2025-03-16 20:16:49.806 [main] INFO  org.apache.coyote.http11.Http11NioProtocol-Initializing ProtocolHandler ["http-nio-8080"]
2025-03-16 20:16:49.808 [main] INFO  org.apache.catalina.core.StandardService-Starting service [Tomcat]
2025-03-16 20:16:49.808 [main] INFO  org.apache.catalina.core.StandardEngine-Starting Servlet engine: [Apache Tomcat/10.1.36]
2025-03-16 20:16:49.845 [main] INFO  o.a.c.core.ContainerBase.[Tomcat].[localhost].[/]-Initializing Spring embedded WebApplicationContext
2025-03-16 20:16:49.845 [main] INFO  o.s.b.w.s.c.ServletWebServerApplicationContext-Root WebApplicationContext: initialization completed in 820 ms
2025-03-16 20:16:50.329 [main] INFO  org.apache.coyote.http11.Http11NioProtocol-Starting ProtocolHandler ["http-nio-8080"]
2025-03-16 20:16:50.345 [main] INFO  o.s.boot.web.embedded.tomcat.TomcatWebServer-Tomcat started on port 8080 (http) with context path '/'
2025-03-16 20:16:50.350 [main] INFO  com.example.tlias.TliasApplication-Started TliasApplication in 1.671 seconds (process running for 2.608)
2025-03-16 20:16:58.035 [http-nio-8080-exec-1] INFO  o.a.c.core.ContainerBase.[Tomcat].[localhost].[/]-Initializing Spring DispatcherServlet 'dispatcherServlet'
2025-03-16 20:16:58.035 [http-nio-8080-exec-1] INFO  org.springframework.web.servlet.DispatcherServlet-Initializing Servlet 'dispatcherServlet'
2025-03-16 20:16:58.036 [http-nio-8080-exec-1] INFO  org.springframework.web.servlet.DispatcherServlet-Completed initialization in 1 ms
2025-03-16 20:16:58.056 [http-nio-8080-exec-3] INFO  com.example.tlias.controller.DeptController-查询全部部门数据
2025-03-16 20:16:58.078 [http-nio-8080-exec-1] INFO  com.example.tlias.controller.EmpController-分页查询：EmpQueryParam(page=1, pageSize=10, name=, gender=null, begin=null, end=null)
2025-03-16 20:16:58.084 [http-nio-8080-exec-3] INFO  com.zaxxer.hikari.HikariDataSource-HikariPool-1 - Starting...
2025-03-16 20:16:58.431 [http-nio-8080-exec-3] INFO  com.zaxxer.hikari.pool.HikariPool-HikariPool-1 - Added connection com.mysql.cj.jdbc.ConnectionImpl@52243342
2025-03-16 20:16:58.433 [http-nio-8080-exec-3] INFO  com.zaxxer.hikari.HikariDataSource-HikariPool-1 - Start completed.
2025-03-16 20:17:04.709 [http-nio-8080-exec-5] WARN  o.s.w.s.m.support.DefaultHandlerExceptionResolver-Resolved [org.springframework.web.multipart.MaxUploadSizeExceededException: Maximum upload size exceeded]
2025-03-16 20:17:04.713 [http-nio-8080-exec-5] WARN  o.s.w.s.m.support.DefaultHandlerExceptionResolver-Resolved [org.springframework.web.multipart.MaxUploadSizeExceededException: Maximum upload size exceeded]
2025-03-16 20:17:49.682 [http-nio-8080-exec-6] INFO  com.example.tlias.controller.UploadController-文件上传： 屏幕截图 2025-03-15 120345.png
2025-03-16 20:17:50.707 [http-nio-8080-exec-6] INFO  com.example.tlias.controller.UploadController-文件上传oss，url：https://java4189.oss-cn-beijing.aliyuncs.com/2025/03/e74da6f8-296b-4249-9ecc-8bfa30ab2c98.png
2025-03-16 20:24:30.571 [http-nio-8080-exec-4] INFO  com.example.tlias.controller.UploadController-文件上传： 屏幕截图 2025-03-11 162829.png
2025-03-16 20:24:31.465 [http-nio-8080-exec-4] INFO  com.example.tlias.controller.UploadController-文件上传oss，url：https://java4189.oss-cn-beijing.aliyuncs.com/2025/03/bfbc14c9-bf27-40cb-b351-505d45ce0307.png
2025-03-16 20:25:01.410 [http-nio-8080-exec-7] INFO  com.example.tlias.controller.EmpController-添加了员工：Emp(id=null, username=wangyuheng, password=null, name=王宇恒, gender=1, phone=14563298756, job=1, salary=8000, image=https://java4189.oss-cn-beijing.aliyuncs.com/2025/03/bfbc14c9-bf27-40cb-b351-505d45ce0307.png, entryDate=2025-03-06, deptId=5, createTime=null, updateTime=null, deptName=null, exprList=[EmpExpr(id=null, empId=null, begin=2025-03-01, end=2025-04-30, company=百度, job=前端开发)])
2025-03-16 20:25:01.488 [http-nio-8080-exec-2] INFO  com.example.tlias.controller.EmpController-分页查询：EmpQueryParam(page=1, pageSize=10, name=, gender=null, begin=null, end=null)
2025-03-16 20:36:51.099 [http-nio-8080-exec-8] INFO  com.example.tlias.controller.UploadController-文件上传： 1.png
2025-03-16 20:36:51.773 [http-nio-8080-exec-8] INFO  com.example.tlias.controller.UploadController-文件上传oss，url：https://java4189.oss-cn-beijing.aliyuncs.com/2025/03/88651918-f019-416a-ac8e-db3b4950f386.png
2025-03-16 20:47:05.782 [SpringApplicationShutdownHook] INFO  o.s.boot.web.embedded.tomcat.GracefulShutdown-Commencing graceful shutdown. Waiting for active requests to complete
2025-03-16 20:47:05.788 [tomcat-shutdown] INFO  o.s.boot.web.embedded.tomcat.GracefulShutdown-Graceful shutdown complete
2025-03-16 20:47:05.790 [SpringApplicationShutdownHook] INFO  com.zaxxer.hikari.HikariDataSource-HikariPool-1 - Shutdown initiated...
2025-03-16 20:47:05.794 [SpringApplicationShutdownHook] INFO  com.zaxxer.hikari.HikariDataSource-HikariPool-1 - Shutdown completed.
2025-03-16 20:47:11.511 [main] INFO  com.example.tlias.TliasApplication-Starting TliasApplication using Java 21 with PID 43096 (E:\Java\Exercise\Tlias System\Tlias\target\classes started by shiqing in E:\Java\Exercise\Tlias System\Tlias)
2025-03-16 20:47:11.512 [main] INFO  com.example.tlias.TliasApplication-No active profile set, falling back to 1 default profile: "default"
2025-03-16 20:47:12.343 [main] INFO  o.s.boot.web.embedded.tomcat.TomcatWebServer-Tomcat initialized with port 8080 (http)
2025-03-16 20:47:12.354 [main] INFO  org.apache.coyote.http11.Http11NioProtocol-Initializing ProtocolHandler ["http-nio-8080"]
2025-03-16 20:47:12.355 [main] INFO  org.apache.catalina.core.StandardService-Starting service [Tomcat]
2025-03-16 20:47:12.356 [main] INFO  org.apache.catalina.core.StandardEngine-Starting Servlet engine: [Apache Tomcat/10.1.36]
2025-03-16 20:47:12.406 [main] INFO  o.a.c.core.ContainerBase.[Tomcat].[localhost].[/]-Initializing Spring embedded WebApplicationContext
2025-03-16 20:47:12.407 [main] INFO  o.s.b.w.s.c.ServletWebServerApplicationContext-Root WebApplicationContext: initialization completed in 853 ms
2025-03-16 20:47:12.987 [main] INFO  org.apache.coyote.http11.Http11NioProtocol-Starting ProtocolHandler ["http-nio-8080"]
2025-03-16 20:47:13.005 [main] INFO  o.s.boot.web.embedded.tomcat.TomcatWebServer-Tomcat started on port 8080 (http) with context path '/'
2025-03-16 20:47:13.010 [main] INFO  com.example.tlias.TliasApplication-Started TliasApplication in 1.832 seconds (process running for 2.615)
2025-03-16 20:48:24.063 [http-nio-8080-exec-1] INFO  o.a.c.core.ContainerBase.[Tomcat].[localhost].[/]-Initializing Spring DispatcherServlet 'dispatcherServlet'
2025-03-16 20:48:24.063 [http-nio-8080-exec-1] INFO  org.springframework.web.servlet.DispatcherServlet-Initializing Servlet 'dispatcherServlet'
2025-03-16 20:48:24.064 [http-nio-8080-exec-1] INFO  org.springframework.web.servlet.DispatcherServlet-Completed initialization in 1 ms
2025-03-16 20:48:24.098 [http-nio-8080-exec-1] INFO  com.example.tlias.controller.UploadController-文件上传： 1.png
2025-03-16 20:48:25.255 [http-nio-8080-exec-1] INFO  com.example.tlias.controller.UploadController-文件上传oss，url：https://java4189.oss-cn-beijing.aliyuncs.com/2025/03/53653bcd-ee82-4cbc-9ef0-fdcbe6e45a2b.png
2025-03-16 20:55:08.842 [SpringApplicationShutdownHook] INFO  o.s.boot.web.embedded.tomcat.GracefulShutdown-Commencing graceful shutdown. Waiting for active requests to complete
2025-03-16 20:55:08.849 [tomcat-shutdown] INFO  o.s.boot.web.embedded.tomcat.GracefulShutdown-Graceful shutdown complete
2025-03-16 21:02:45.746 [main] INFO  com.example.tlias.TliasApplication-Starting TliasApplication using Java 21 with PID 24232 (E:\Java\Exercise\Tlias System\Tlias\target\classes started by shiqing in E:\Java\Exercise\Tlias System\Tlias)
2025-03-16 21:02:45.748 [main] INFO  com.example.tlias.TliasApplication-No active profile set, falling back to 1 default profile: "default"
2025-03-16 21:02:46.516 [main] INFO  o.s.boot.web.embedded.tomcat.TomcatWebServer-Tomcat initialized with port 8080 (http)
2025-03-16 21:02:46.526 [main] INFO  org.apache.coyote.http11.Http11NioProtocol-Initializing ProtocolHandler ["http-nio-8080"]
2025-03-16 21:02:46.527 [main] INFO  org.apache.catalina.core.StandardService-Starting service [Tomcat]
2025-03-16 21:02:46.527 [main] INFO  org.apache.catalina.core.StandardEngine-Starting Servlet engine: [Apache Tomcat/10.1.36]
2025-03-16 21:02:46.566 [main] INFO  o.a.c.core.ContainerBase.[Tomcat].[localhost].[/]-Initializing Spring embedded WebApplicationContext
2025-03-16 21:02:46.567 [main] INFO  o.s.b.w.s.c.ServletWebServerApplicationContext-Root WebApplicationContext: initialization completed in 780 ms
2025-03-16 21:02:47.146 [main] INFO  org.apache.coyote.http11.Http11NioProtocol-Starting ProtocolHandler ["http-nio-8080"]
2025-03-16 21:02:47.170 [main] INFO  o.s.boot.web.embedded.tomcat.TomcatWebServer-Tomcat started on port 8080 (http) with context path '/'
2025-03-16 21:02:47.179 [main] INFO  com.example.tlias.TliasApplication-Started TliasApplication in 1.799 seconds (process running for 2.509)
2025-03-16 21:02:54.966 [http-nio-8080-exec-1] INFO  o.a.c.core.ContainerBase.[Tomcat].[localhost].[/]-Initializing Spring DispatcherServlet 'dispatcherServlet'
2025-03-16 21:02:54.967 [http-nio-8080-exec-1] INFO  org.springframework.web.servlet.DispatcherServlet-Initializing Servlet 'dispatcherServlet'
2025-03-16 21:02:54.968 [http-nio-8080-exec-1] INFO  org.springframework.web.servlet.DispatcherServlet-Completed initialization in 1 ms
2025-03-16 21:02:55.001 [http-nio-8080-exec-1] INFO  com.example.tlias.controller.EmpController-删除了员工:[1, 2, 3]
2025-03-16 21:26:12.981 [SpringApplicationShutdownHook] INFO  o.s.boot.web.embedded.tomcat.GracefulShutdown-Commencing graceful shutdown. Waiting for active requests to complete
2025-03-16 21:26:12.988 [tomcat-shutdown] INFO  o.s.boot.web.embedded.tomcat.GracefulShutdown-Graceful shutdown complete
2025-03-16 21:26:17.738 [main] INFO  com.example.tlias.TliasApplication-Starting TliasApplication using Java 21 with PID 24820 (E:\Java\Exercise\Tlias System\Tlias\target\classes started by shiqing in E:\Java\Exercise\Tlias System\Tlias)
2025-03-16 21:26:17.740 [main] INFO  com.example.tlias.TliasApplication-No active profile set, falling back to 1 default profile: "default"
2025-03-16 21:26:18.467 [main] INFO  o.s.boot.web.embedded.tomcat.TomcatWebServer-Tomcat initialized with port 8080 (http)
2025-03-16 21:26:18.475 [main] INFO  org.apache.coyote.http11.Http11NioProtocol-Initializing ProtocolHandler ["http-nio-8080"]
2025-03-16 21:26:18.476 [main] INFO  org.apache.catalina.core.StandardService-Starting service [Tomcat]
2025-03-16 21:26:18.476 [main] INFO  org.apache.catalina.core.StandardEngine-Starting Servlet engine: [Apache Tomcat/10.1.36]
2025-03-16 21:26:18.514 [main] INFO  o.a.c.core.ContainerBase.[Tomcat].[localhost].[/]-Initializing Spring embedded WebApplicationContext
2025-03-16 21:26:18.514 [main] INFO  o.s.b.w.s.c.ServletWebServerApplicationContext-Root WebApplicationContext: initialization completed in 738 ms
2025-03-16 21:26:19.025 [main] INFO  org.apache.coyote.http11.Http11NioProtocol-Starting ProtocolHandler ["http-nio-8080"]
2025-03-16 21:26:19.041 [main] INFO  o.s.boot.web.embedded.tomcat.TomcatWebServer-Tomcat started on port 8080 (http) with context path '/'
2025-03-16 21:26:19.047 [main] INFO  com.example.tlias.TliasApplication-Started TliasApplication in 1.65 seconds (process running for 2.331)
2025-03-16 21:26:37.226 [http-nio-8080-exec-3] INFO  o.a.c.core.ContainerBase.[Tomcat].[localhost].[/]-Initializing Spring DispatcherServlet 'dispatcherServlet'
2025-03-16 21:26:37.227 [http-nio-8080-exec-3] INFO  org.springframework.web.servlet.DispatcherServlet-Initializing Servlet 'dispatcherServlet'
2025-03-16 21:26:37.228 [http-nio-8080-exec-3] INFO  org.springframework.web.servlet.DispatcherServlet-Completed initialization in 1 ms
2025-03-16 21:26:37.251 [http-nio-8080-exec-1] INFO  com.example.tlias.controller.DeptController-查询全部部门数据
2025-03-16 21:26:37.266 [http-nio-8080-exec-3] INFO  com.example.tlias.controller.EmpController-分页查询：EmpQueryParam(page=1, pageSize=10, name=, gender=null, begin=null, end=null)
2025-03-16 21:26:37.270 [http-nio-8080-exec-1] INFO  com.zaxxer.hikari.HikariDataSource-HikariPool-1 - Starting...
2025-03-16 21:26:37.535 [http-nio-8080-exec-1] INFO  com.zaxxer.hikari.pool.HikariPool-HikariPool-1 - Added connection com.mysql.cj.jdbc.ConnectionImpl@5027431a
2025-03-16 21:26:37.536 [http-nio-8080-exec-1] INFO  com.zaxxer.hikari.HikariDataSource-HikariPool-1 - Start completed.
2025-03-16 21:26:48.316 [http-nio-8080-exec-2] INFO  com.example.tlias.controller.EmpController-删除了员工:[39]
2025-03-16 21:26:48.363 [http-nio-8080-exec-4] INFO  com.example.tlias.controller.EmpController-分页查询：EmpQueryParam(page=1, pageSize=10, name=, gender=null, begin=null, end=null)
2025-03-16 21:27:40.553 [http-nio-8080-exec-6] INFO  com.example.tlias.controller.EmpController-删除了员工:[37]
2025-03-16 21:27:40.582 [http-nio-8080-exec-7] INFO  com.example.tlias.controller.EmpController-分页查询：EmpQueryParam(page=1, pageSize=10, name=, gender=null, begin=null, end=null)
2025-03-16 21:31:12.885 [SpringApplicationShutdownHook] INFO  o.s.boot.web.embedded.tomcat.GracefulShutdown-Commencing graceful shutdown. Waiting for active requests to complete
2025-03-16 21:31:12.889 [tomcat-shutdown] INFO  o.s.boot.web.embedded.tomcat.GracefulShutdown-Graceful shutdown complete
2025-03-16 21:31:12.893 [SpringApplicationShutdownHook] INFO  com.zaxxer.hikari.HikariDataSource-HikariPool-1 - Shutdown initiated...
2025-03-16 21:31:12.903 [SpringApplicationShutdownHook] INFO  com.zaxxer.hikari.HikariDataSource-HikariPool-1 - Shutdown completed.
